Log file open, 11/19/20 12:40:22
LogInit:Display: Running engine for game: Supervivencia
LogPlatformFile: Not using cached read wrapper
LogInit:Display: RandInit(862204814) SRandInit(862204815).
LogTaskGraph: Started task graph with 5 named threads and 6 total threads with 1 sets of task threads.
LogStats: Stats thread started at 4.691144
LogInit: Using libcurl 7.47.1
LogInit:  - built for x86_64-pc-win32
LogInit:  - supports SSL with OpenSSL/1.0.2g
LogInit:  - supports HTTP deflate (compression) using libz 1.2.8
LogInit:  - other features:
LogInit:      CURL_VERSION_SSL
LogInit:      CURL_VERSION_LIBZ
LogInit:      CURL_VERSION_IPV6
LogInit:      CURL_VERSION_ASYNCHDNS
LogInit:      CURL_VERSION_LARGEFILE
LogInit:      CURL_VERSION_IDN
LogInit:  CurlRequestOptions (configurable via config and command line):
LogInit:  - bVerifyPeer = false  - Libcurl will NOT verify peer certificate
LogInit:  - bUseHttpProxy = false  - Libcurl will NOT use HTTP proxy
LogInit:  - bDontReuseConnections = false  - Libcurl will reuse connections
LogInit:  - CertBundlePath = nullptr  - Libcurl will use whatever was configured at build time.
LogInit: Build: ++UE4+Release-4.16-CL-3561208
LogInit: Engine Version: 4.16.3-3561208+++UE4+Release-4.16
LogInit: Compatible Engine Version: 4.16.0-3452394+++UE4+Release-4.16
LogInit: Net CL: 3452394
LogDevObjectVersion: Number of dev versions registered: 16
LogDevObjectVersion:   Dev-Blueprints (B0D832E4-1F89-4F0D-ACCF-7EB736FD4AA2): 9
LogDevObjectVersion:   Dev-Build (E1C64328-A22C-4D53-A36C-8E866417BD8C): 0
LogDevObjectVersion:   Dev-Core (375EC13C-06E4-48FB-B500-84F0262A717E): 2
LogDevObjectVersion:   Dev-Editor (E4B068ED-F494-42E9-A231-DA0B2E46BB41): 17
LogDevObjectVersion:   Dev-Framework (CFFC743F-43B0-4480-9391-14DF171D2073): 23
LogDevObjectVersion:   Dev-Mobile (B02B49B5-BB20-44E9-A304-32B752E40360): 0
LogDevObjectVersion:   Dev-Networking (A4E4105C-59A1-49B5-A7C5-40C4547EDFEE): 0
LogDevObjectVersion:   Dev-Online (39C831C9-5AE6-47DC-9A44-9C173E1C8E7C): 0
LogDevObjectVersion:   Dev-Physics (78F01B33-EBEA-4F98-B9B4-84EACCB95AA2): 0
LogDevObjectVersion:   Dev-Platform (6631380F-2D4D-43E0-8009-CF276956A95A): 0
LogDevObjectVersion:   Dev-Rendering (12F88B9F-8875-4AFC-A67C-D90C383ABD29): 15
LogDevObjectVersion:   Dev-Sequencer (7B5AE74C-D270-4C10-A958-57980B212A5A): 4
LogDevObjectVersion:   Dev-VR (D7296918-1DD6-4BDD-9DE2-64A83CC13884): 0
LogDevObjectVersion:   Dev-LoadTimes (C2A15278-BFE7-4AFE-6C17-90FF531DF755): 1
LogDevObjectVersion:   Private-Geometry (6EACA3D4-40EC-4CC1-B786-8BED09428FC5): 1
LogDevObjectVersion:   Dev-AnimPhys (29E575DD-E0A3-4627-9D10-D276232CDCEA): 3
LogInit: Compiled (64-bit): Jul 28 2017 11:49:47
LogInit: Compiled with Visual C++: 19.00.24215.01
LogInit: Build Configuration: Development
LogInit: Branch Name: ++UE4+Release-4.16
LogInit: Command line: -EpicPortal  -epicusername="nutba33" -epicuserid=d5e4fcee01244f8796a2b8d7b5468124 -epiclocale=es
LogInit: Base directory: C:/Program Files/Epic Games/UE_4.16/Engine/Binaries/Win64/
LogInit: Installed Engine Build: 1
LogInit: Presizing for max 8388607 objects, including 0 objects not considered by GC, pre-allocating 0 bytes for permanent pool.
LogInit: Object subsystem initialized
[2020.11.19-11.41.05:687][  0]LogInit: Selected Device Profile: [Windows]
[2020.11.19-11.41.05:687][  0]LogInit: Applying CVar settings loaded from the selected device profile: [Windows]
[2020.11.19-11.41.06:328][  0]LogInit: Computer: DESKTOP-TV5K0T4
[2020.11.19-11.41.06:328][  0]LogInit: User: nutba
[2020.11.19-11.41.06:328][  0]LogInit: CPU Page size=4096, Cores=2
[2020.11.19-11.41.06:329][  0]LogInit: High frequency timer resolution =10.000000 MHz
[2020.11.19-11.41.06:501][  0]LogMemory: Memory total: Physical=7.9GB (8GB approx)
[2020.11.19-11.41.06:501][  0]LogMemory: Platform Memory Stats for Windows
[2020.11.19-11.41.06:501][  0]LogMemory: Process Physical Memory: 277.89 MB used, 277.89 MB peak
[2020.11.19-11.41.06:501][  0]LogMemory: Process Virtual Memory: 269.34 MB used, 269.34 MB peak
[2020.11.19-11.41.06:501][  0]LogMemory: Physical Memory: 7092.90 MB used,  980.77 MB free, 8073.67 MB total
[2020.11.19-11.41.06:501][  0]LogMemory: Virtual Memory: 4777.89 MB used,  980.77 MB free, 134217728.00 MB total
[2020.11.19-11.41.12:163][  0]LogInit: Overriding language with editor language configuration option (en).
[2020.11.19-11.41.12:163][  0]LogInit: Overriding locale with editor culture configuration option ().
[2020.11.19-11.41.12:163][  0]LogInit: Using OS detected locale (en-GB).
[2020.11.19-11.42.13:274][  0]LogD3D11RHI: D3D11 adapters:
[2020.11.19-11.42.18:090][  0]LogD3D11RHI:    0. 'Intel(R) HD Graphics 620' (Feature Level 11_0)
[2020.11.19-11.42.18:090][  0]LogD3D11RHI:       128/0/4036 MB DedicatedVideo/DedicatedSystem/SharedSystem, Outputs:1, VendorId:0x8086
[2020.11.19-11.42.18:501][  0]LogD3D11RHI:    1. 'Microsoft Basic Render Driver' (Feature Level 11_0)
[2020.11.19-11.42.18:501][  0]LogD3D11RHI:       0/0/4036 MB DedicatedVideo/DedicatedSystem/SharedSystem, Outputs:0, VendorId:0x1414
[2020.11.19-11.42.18:501][  0]LogD3D11RHI: Chosen D3D11 Adapter: 0
[2020.11.19-11.42.18:662][  0]LogD3D11RHI: Creating new Direct3DDevice
[2020.11.19-11.42.18:663][  0]LogD3D11RHI:     GPU DeviceId: 0x5916 (for the marketing name, search the web for "GPU Device Id")
[2020.11.19-11.42.18:663][  0]LogWindows: EnumDisplayDevices:
[2020.11.19-11.42.18:665][  0]LogWindows:    0. 'Intel(R) HD Graphics 620' (P:1 D:1)
[2020.11.19-11.42.18:667][  0]LogWindows:    1. 'Intel(R) HD Graphics 620' (P:0 D:0)
[2020.11.19-11.42.18:668][  0]LogWindows:    2. 'Intel(R) HD Graphics 620' (P:0 D:0)
[2020.11.19-11.42.18:669][  0]LogWindows: DebugString: GetVideoDriverDetailsInvalid PrimaryIsNotTheChoosenAdapter GetVideoDriverDetailsInvalid PrimaryIsNotTheChoosenAdapter GetVideoDriverDetailsInvalid PrimaryIsNotTheChoosenAdapter FoundDriverCount:0 
[2020.11.19-11.42.18:669][  0]LogD3D11RHI:     Adapter Name: Intel(R) HD Graphics 620
[2020.11.19-11.42.18:669][  0]LogD3D11RHI:   Driver Version: Unknown (internal:Unknown, unified:Unknown)
[2020.11.19-11.42.18:669][  0]LogD3D11RHI:      Driver Date: Unknown
[2020.11.19-11.42.18:669][  0]LogRHI: Texture pool is 1361 MB (70% of 1945 MB)
[2020.11.19-11.42.20:579][  0]LogD3D11RHI: Async texture creation enabled
[2020.11.19-11.42.20:966][  0]LogD3D11RHI: GPU Timing Frequency: 12.000048 (Debug: 2 0)
[2020.11.19-11.42.21:049][  0]LogShaderCompilers: Guid format shader working directory is -7 characters bigger than the processId version (../../../../../../Users/nutba/Downloads/Supervivencia/Intermediate/Shaders/WorkingDirectory/4028/).
[2020.11.19-11.42.21:050][  0]LogShaderCompilers: Cleaned the shader compiler working directory 'C:/Users/nutba/AppData/Local/Temp/UnrealShaderWorkingDir/6AD1765B423D52FD3E97AC9A4749BF22/'.
[2020.11.19-11.42.21:050][  0]LogShaderCompilers:Display: Using Local Shader Compiler.
[2020.11.19-11.43.39:701][  0]LogTemp:Display: Loaded TP AllDesktopTargetPlatform
[2020.11.19-11.43.44:756][  0]LogTemp:Display: Loaded TP MacClientTargetPlatform
[2020.11.19-11.43.50:686][  0]LogTemp:Display: Loaded TP MacNoEditorTargetPlatform
[2020.11.19-11.43.58:131][  0]LogTemp:Display: Loaded TP MacServerTargetPlatform
[2020.11.19-11.44.06:249][  0]LogTemp:Display: Loaded TP MacTargetPlatform
[2020.11.19-11.44.14:631][  0]LogTemp:Display: Loaded TP WindowsClientTargetPlatform
[2020.11.19-11.44.21:851][  0]LogTemp:Display: Loaded TP WindowsNoEditorTargetPlatform
[2020.11.19-11.44.28:402][  0]LogTemp:Display: Loaded TP WindowsServerTargetPlatform
[2020.11.19-11.44.33:991][  0]LogTemp:Display: Loaded TP WindowsTargetPlatform
[2020.11.19-11.44.41:158][  0]LogTemp:Display: Loaded TP AndroidTargetPlatform
[2020.11.19-11.44.47:913][  0]LogTemp:Display: Loaded TP Android_ASTCTargetPlatform
[2020.11.19-11.44.54:748][  0]LogTemp:Display: Loaded TP Android_ATCTargetPlatform
[2020.11.19-11.45.02:092][  0]LogTemp:Display: Loaded TP Android_DXTTargetPlatform
[2020.11.19-11.45.08:271][  0]LogTemp:Display: Loaded TP Android_ETC1TargetPlatform
[2020.11.19-11.45.13:404][  0]LogTemp:Display: Loaded TP Android_ETC2TargetPlatform
[2020.11.19-11.45.23:845][  0]LogTemp:Display: Loaded TP Android_MultiTargetPlatform
[2020.11.19-11.45.23:845][  0]LogTemp:Display: Loaded TP Android_PVRTCTargetPlatform
[2020.11.19-11.45.28:204][  0]LogTemp:Display: Loaded TP HTML5TargetPlatform
[2020.11.19-11.45.33:569][  0]LogTemp:Display: Loaded TP IOSTargetPlatform
[2020.11.19-11.45.35:525][  0]LogTemp:Display: Loaded TP TVOSTargetPlatform
[2020.11.19-11.45.39:814][  0]LogTemp:Display: Loaded TP LinuxClientTargetPlatform
[2020.11.19-11.45.43:622][  0]LogTemp:Display: Loaded TP LinuxNoEditorTargetPlatform
[2020.11.19-11.45.47:814][  0]LogTemp:Display: Loaded TP LinuxServerTargetPlatform
[2020.11.19-11.45.50:933][  0]LogTemp:Display: Loaded TP LinuxTargetPlatform
[2020.11.19-11.45.50:934][  0]LogTargetPlatformManager:Display: Building Assets For Windows
[2020.11.19-11.46.21:860][  0]LogDerivedDataCache:Display: Max Cache Size: 512 MB
[2020.11.19-11.46.29:219][  0]LogDerivedDataCache: Loaded boot cache 7.36s 90MB C:/Users/nutba/AppData/Local/UnrealEngine/4.16/DerivedDataCache/Boot.ddc.
[2020.11.19-11.46.29:219][  0]LogDerivedDataCache:Display: Loaded Boot cache: C:/Users/nutba/AppData/Local/UnrealEngine/4.16/DerivedDataCache/Boot.ddc
[2020.11.19-11.46.29:220][  0]LogDerivedDataCache: FDerivedDataBackendGraph:  Pak pak cache file ../../../../../../Users/nutba/Downloads/Supervivencia/DerivedDataCache/DDC.ddp not found, will not use a pak cache.
[2020.11.19-11.46.29:220][  0]LogDerivedDataCache: Unable to find inner node Pak for hierarchical cache Hierarchy.
[2020.11.19-11.46.29:220][  0]LogDerivedDataCache: FDerivedDataBackendGraph:  CompressedPak pak cache file ../../../../../../Users/nutba/Downloads/Supervivencia/DerivedDataCache/Compressed.ddp not found, will not use a pak cache.
[2020.11.19-11.46.29:220][  0]LogDerivedDataCache: Unable to find inner node CompressedPak for hierarchical cache Hierarchy.
[2020.11.19-11.46.29:855][  0]LogDerivedDataCache:Display: Pak cache opened for reading ../../../Engine/DerivedDataCache/Compressed.ddp.
[2020.11.19-11.46.29:983][  0]LogDerivedDataCache: Using Local data cache path C:/Users/nutba/AppData/Local/UnrealEngine/Common/DerivedDataCache: Writable
[2020.11.19-11.46.30:206][  0]LogMaterial: Verifying Global Shaders for PCD3D_SM5
[2020.11.19-11.46.30:217][  0]LogSlate: Using Freetype 2.6.0
[2020.11.19-11.46.30:308][  0]LogSlate: SlateFontCache - WITH_FREETYPE: 1, WITH_HARFBUZZ: 1
[2020.11.19-11.46.30:308][  0]LogSlate: SlateFontCache - WITH_FREETYPE: 1, WITH_HARFBUZZ: 1
[2020.11.19-11.47.03:314][  0]LogInit: Selected Device Profile: [Windows]
[2020.11.19-11.47.05:952][  0]LogContentStreaming: Texture pool size is 0.00 MB
[2020.11.19-11.47.16:000][  0]LogMeshUtilities: Using QuadricMeshReduction for automatic static mesh reduction
[2020.11.19-11.47.23:396][  0]LogSimplygon: Simplygon DLL not present - disabling.
[2020.11.19-11.47.27:288][  0]LogMeshUtilities: Using SimplygonSwarm for distributed automatic mesh merging
[2020.11.19-11.47.27:288][  0]LogMeshUtilities: No automatic skeletal mesh reduction module available
[2020.11.19-11.47.27:288][  0]LogMeshUtilities: No automatic mesh merging module available
[2020.11.19-11.47.57:969][  0]LogNetVersion: Supervivencia , NetCL: 3452394, EngineNetVer: 2, GameNetVer: 0 (Checksum: 1556410374)
[2020.11.19-11.47.59:842][  0]LogAssetRegistry: FAssetRegistry took 0.2506 seconds to start up
[2020.11.19-11.48.02:623][  0]LogPackageLocalizationCache: Processed 4 localized package path(s) for 1 prioritized culture(s) in 1.135291 seconds
[2020.11.19-11.48.02:759][  0]LogUObjectArray: 34194 objects as part of root set at end of initial load.
[2020.11.19-11.48.02:760][  0]LogUObjectAllocator: 7260416 out of 0 bytes used by permanent object pool.
[2020.11.19-11.48.02:760][  0]LogUObjectArray: CloseDisregardForGC: 0/0 objects in disregard for GC pool
[2020.11.19-11.48.06:031][  0]LogInit: WinSock: version 1.1 (2.2), MaxSocks=32767, MaxUdp=65467
[2020.11.19-12.02.37:850][  0]LogTcpMessaging: Initializing TcpMessaging bridge
[2020.11.19-12.02.41:059][  0]LogUdpMessaging: Initializing bridge on interface 0.0.0.0:0 to multicast group 230.0.0.1:6666.
[2020.11.19-12.03.52:913][  0]LogMaterial: Uniform references updated for custom material expression Custom.
[2020.11.19-12.04.51:349][  0]SourceControl: Info Source control is disabled
[2020.11.19-12.05.31:745][  0]SourceControl: Info Source control is disabled
[2020.11.19-12.05.37:998][  0]SourceControl: Info Source control is disabled
[2020.11.19-12.05.45:610][  0]SourceControl: Info Source control is disabled
[2020.11.19-12.07.55:925][  0]LogAndroidPermission: UAndroidPermissionCallbackProxy::GetInstance
[2020.11.19-12.08.40:826][  0]LogEngine: Initializing Engine...
[2020.11.19-12.08.40:944][  0]LogHMD: Failed to initialize OpenVR with code 110
[2020.11.19-12.08.46:606][  0]LogStats: UGameplayTagsManager::ConstructGameplayTagTree: Construct from data asset -  0.000 s
[2020.11.19-12.08.46:608][  0]LogStats: UGameplayTagsManager::ConstructGameplayTagTree: GameplayTagTreeChangedEvent.Broadcast -  0.000 s
[2020.11.19-12.08.55:191][  0]LogAIModule: Creating AISystem for world Untitled
[2020.11.19-12.08.55:809][  0]LogInit: XAudio2 using 'Speakers (Realtek High Definition Audio)' : 2 channels at 48 kHz using 32 bits per sample (channel mask 0x3)
[2020.11.19-12.08.57:775][  0]LogInit: FAudioDevice initialized.
[2020.11.19-12.09.04:513][  0]LogDerivedDataCache: Saved boot cache 6.71s 90MB C:/Users/nutba/AppData/Local/UnrealEngine/4.16/DerivedDataCache/Boot.ddc.
[2020.11.19-12.09.05:592][  0]LogInit: Texture streaming: Enabled
[2020.11.19-12.09.10:529][  0]LogEngineSessionManager: EngineSessionManager initialized
[2020.11.19-12.09.24:940][  0]LogInit: Transaction tracking system initialized
[2020.11.19-12.09.44:646][  0]BlueprintLog: New page: Editor Load
[2020.11.19-12.10.55:798][  0]LocalizationService: Info Localization service is disabled
[2020.11.19-12.12.11:054][  0]LogConsoleResponse:Display: 
[2020.11.19-12.12.16:095][  0]LogCook:Display: Max memory allowance for cook 16384mb min free memory 0mb
[2020.11.19-12.12.16:101][  0]LogCook:Display: Mobile HDR setting 1
[2020.11.19-12.12.17:693][  0]LogFileCache: Scanning file cache for directory 'C:/Users/nutba/Downloads/Supervivencia/Content/' took 0.46s
[2020.11.19-12.13.15:849][  0]SourceControl: Info Source control is disabled
[2020.11.19-12.13.15:851][  0]Cmd: MAP LOAD FILE="../../../../../../Users/nutba/Downloads/Supervivencia/Content/Level2.umap" TEMPLATE=0 SHOWPROGRESS=1 FEATURELEVEL=3
[2020.11.19-12.13.15:875][  0]LightingResults: New page: Lighting Build
[2020.11.19-12.13.18:570][  0]MapCheck: New page: Map Check
[2020.11.19-12.13.18:570][  0]LightingResults: New page: Lighting Build
[2020.11.19-12.14.17:976][  0]LogMaterial: Missing cached shader map for material trunk, compiling. 
[2020.11.19-12.14.20:794][  0]LogMaterial: Missing cached shader map for material leaves, compiling. 
[2020.11.19-12.14.37:399][  0]LogMaterial: Missing cached shader map for material chest_text_Mat, compiling. 
[2020.11.19-12.14.39:419][  0]LogMaterial: Missing cached shader map for material M_FPGun, compiling. 
[2020.11.19-12.14.41:817][  0]LogMaterial: Missing cached shader map for material Chr_FPS_D_Mat, compiling. 
[2020.11.19-12.14.42:608][  0]LogMaterial: Missing cached shader map for material Vamp_Mat, compiling. 
[2020.11.19-12.14.43:426][  0]LogMaterial: Missing cached shader map for material Vamp_alpha_Mat, compiling. 
[2020.11.19-12.14.46:260][  0]LogAIModule: Creating AISystem for world Level2
[2020.11.19-12.14.49:950][  0]LogEditorServer: Finished looking for orphan Actors (0.001 secs)
[2020.11.19-12.14.50:683][  0]Cmd: MAP CHECKDEP NOCLEARLOG
[2020.11.19-12.14.53:825][  0]MapCheck: Info Map check complete: 0 Error(s), 0 Warning(s), took 3,142.171ms to complete.
[2020.11.19-12.14.53:826][  0]LogFileHelpers: Loading map 'Level2' took 97.976
[2020.11.19-12.14.57:083][  0]LogCollectionManager: Loaded 0 collections in 0.038265 seconds
[2020.11.19-12.14.59:073][  0]LogFileCache: Scanning file cache for directory 'C:/Users/nutba/Downloads/Supervivencia/Saved/Collections/' took 0.02s
[2020.11.19-12.14.59:073][  0]LogFileCache: Scanning file cache for directory 'C:/Users/nutba/Downloads/Supervivencia/Content/Developers/nutba/Collections/' took 0.02s
[2020.11.19-12.14.59:073][  0]LogFileCache: Scanning file cache for directory 'C:/Users/nutba/Downloads/Supervivencia/Content/Collections/' took 0.02s
[2020.11.19-12.14.59:073][  0]LogCollectionManager: Rebuilt the GUID cache for 0 collections in 0.000014 seconds
[2020.11.19-12.14.59:351][  0]LogContentBrowser: Native class hierarchy populated in 0.2766 seconds. Added 2329 classes and 491 folders.
[2020.11.19-12.15.02:569][  0]LogContentBrowser: Native class hierarchy updated for 'WidgetCarousel' in 0.0071 seconds. Added 0 classes and 0 folders.
[2020.11.19-12.15.09:305][  0]LogContentBrowser: Native class hierarchy updated for 'AddContentDialog' in 0.0071 seconds. Added 0 classes and 0 folders.
[2020.11.19-12.15.11:171][  0]LogContentBrowser: Native class hierarchy updated for 'SceneOutliner' in 0.0083 seconds. Added 1 classes and 2 folders.
[2020.11.19-12.15.13:056][  0]LogCrashTracker: Crashtracker disabled due to settings.
[2020.11.19-12.15.13:337][  0]LogSlate: Took 0.115455 seconds to synchronously load lazily loaded font '../../../Engine/Content/Slate/Fonts/Roboto-Regular.ttf' (155K)
[2020.11.19-12.15.13:578][  0]LogSlate: Took 0.187120 seconds to synchronously load lazily loaded font '../../../Engine/Content/Slate/Fonts/Roboto-Bold.ttf' (160K)
[2020.11.19-12.15.13:674][  0]LogSlate: Took 0.050549 seconds to synchronously load lazily loaded font '../../../Engine/Content/Editor/Slate/Fonts/FontAwesome.ttf' (139K)
[2020.11.19-12.15.15:460][  0]LogRenderer: Reallocating scene render targets to support 1088x348 NumSamples 1 (Frame:1).
[2020.11.19-12.15.19:038][  0]LogSlate: Took 0.643195 seconds to synchronously load lazily loaded font '../../../Engine/Content/Slate/Fonts/Roboto-Light.ttf' (159K)
[2020.11.19-12.15.20:920][  0]LogUObjectGlobals:Warning: Failed to find object 'Class None.'
[2020.11.19-12.15.28:380][  0]LogContentBrowser: Native class hierarchy updated for 'HierarchicalLODOutliner' in 0.0068 seconds. Added 1 classes and 2 folders.
[2020.11.19-12.15.28:382][  0]LogLoad: (Engine Initialization) Total time: 2187.16 seconds
[2020.11.19-12.15.28:382][  0]LogLoad: (Engine Initialization) Total Blueprint compile time: 9.99 seconds
[2020.11.19-12.15.28:382][  0]LogExternalProfiler: No external profilers were discovered.  External profiling features will not be available.
[2020.11.19-12.15.28:599][  0]LogOcInput: OculusInput pre-init called
[2020.11.19-12.15.28:599][  0]LogHMD: Starting GearVRController plugin
[2020.11.19-12.15.29:769][  0]LogContentStreaming: Texture pool size now 1000 MB
[2020.11.19-12.15.35:782][ 27]LogAssetRegistry: Asset discovery search completed in 1656.0062 seconds
[2020.11.19-12.15.35:815][ 27]LogCollectionManager: Rebuilt the object cache for 0 collections in 0.000003 seconds (found 0 objects)
[2020.11.19-12.15.35:815][ 27]LogCollectionManager: Fixed up redirectors for 0 collections in 0.000384 seconds (updated 0 objects)
[2020.11.19-12.15.38:884][ 58]LogDerivedDataCache:Warning: C:/Users/nutba/AppData/Local/UnrealEngine/Common/DerivedDataCache is very slow (0.19MB/s) when accessing C:/Users/nutba/AppData/Local/UnrealEngine/Common/DerivedDataCache/5/0/9/TEXTURE_814DCC3DC72143F49509781513CB9855_BGRA8_9A6A32EA453F74BD9183C4A10799F7D__230C495503FB5E33214289AF0B41FD01B799DC1A.udd, consider disabling it.
[2020.11.19-12.17.34:892][594]LogWindowsTextInputMethodSystem:Display: IME system now deactivated.
[2020.11.19-12.17.45:587][595]Cmd: QUIT_EDITOR
[2020.11.19-12.20.40:190][595]LogExit: Preparing to exit.
[2020.11.19-12.22.17:618][595]LogDirectoryWatcher: A directory notification for 'C:/Users/nutba/Downloads/Supervivencia/Content/' was aborted.
[2020.11.19-12.26.09:113][595]LogExit: Editor shut down
[2020.11.19-12.26.16:227][595]LogExit: Transaction tracking system shut down
[2020.11.19-12.31.44:075][595]LogObj: Freed 0b from 0 cluster array pools.
[2020.11.19-12.31.44:076][595]LogExit: Object subsystem successfully closed.
[2020.11.19-12.31.51:728][595]LogD3D11RHI: Shutdown
[2020.11.19-12.31.51:777][595]LogD3D11RHI: CleanupD3DDevice
[2020.11.19-12.32.57:621][595]LogD3D11RHI: ~FD3D11DynamicRHI
[2020.11.19-12.33.03:856][595]LogModuleManager: Shutting down and abandoning module HierarchicalLODOutliner (524)
[2020.11.19-12.33.03:885][595]LogModuleManager: Shutting down and abandoning module CrashTracker (522)
[2020.11.19-12.33.03:885][595]LogModuleManager: Shutting down and abandoning module SceneOutliner (520)
[2020.11.19-12.33.03:918][595]LogModuleManager: Shutting down and abandoning module AddContentDialog (518)
[2020.11.19-12.33.03:939][595]LogDirectoryWatcher: A directory notification for 'C:/Program Files/Epic Games/UE_4.16/FeaturePacks/' was aborted.
[2020.11.19-12.33.03:950][595]LogModuleManager: Shutting down and abandoning module WidgetCarousel (517)
[2020.11.19-12.33.03:950][595]LogModuleManager: Shutting down and abandoning module EditorWidgets (514)
[2020.11.19-12.33.03:950][595]LogModuleManager: Shutting down and abandoning module CollectionManager (512)
[2020.11.19-12.33.03:950][595]LogDirectoryWatcher: A directory notification for 'C:/Users/nutba/Downloads/Supervivencia/Content/Collections/' was aborted.
[2020.11.19-12.33.03:951][595]LogDirectoryWatcher: A directory notification for 'C:/Users/nutba/Downloads/Supervivencia/Content/Developers/nutba/Collections/' was aborted.
[2020.11.19-12.33.03:951][595]LogDirectoryWatcher: A directory notification for 'C:/Users/nutba/Downloads/Supervivencia/Saved/Collections/' was aborted.
[2020.11.19-12.33.03:954][595]LogModuleManager: Shutting down and abandoning module StatsViewer (510)
[2020.11.19-12.33.04:050][595]LogModuleManager: Shutting down and abandoning module FoliageEdit (508)
[2020.11.19-12.33.04:088][595]LogModuleManager: Shutting down and abandoning module LandscapeEditor (506)
[2020.11.19-12.33.04:219][595]LogModuleManager: Shutting down and abandoning module MeshPaintMode (504)
[2020.11.19-12.33.04:219][595]LogModuleManager: Shutting down and abandoning module SceneDepthPickerMode (502)
[2020.11.19-12.33.04:219][595]LogModuleManager: Shutting down and abandoning module ActorPickerMode (500)
[2020.11.19-12.33.04:219][595]LogModuleManager: Shutting down and abandoning module GeometryMode (498)
[2020.11.19-12.33.04:219][595]LogModuleManager: Shutting down and abandoning module TextureAlignMode (496)
[2020.11.19-12.33.04:219][595]LogModuleManager: Shutting down and abandoning module BspMode (494)
[2020.11.19-12.33.04:238][595]LogModuleManager: Shutting down and abandoning module HardwareSurvey (492)
[2020.11.19-12.33.04:259][595]LogModuleManager: Shutting down and abandoning module SequenceRecorderSections (490)
[2020.11.19-12.33.04:295][595]LogModuleManager: Shutting down and abandoning module AutomationWorker (488)
[2020.11.19-12.33.04:331][595]LogModuleManager: Shutting down and abandoning module MatineeToLevelSequence (486)
[2020.11.19-12.33.04:537][595]LogModuleManager: Shutting down and abandoning module LevelSequenceEditor (484)
[2020.11.19-12.33.05:048][595]LogModuleManager: Shutting down and abandoning module PlacementMode (483)
[2020.11.19-12.33.05:048][595]LogModuleManager: Shutting down and abandoning module WmfMediaFactory (480)
[2020.11.19-12.33.05:048][595]LogModuleManager: Shutting down and abandoning module WmfMediaEditor (478)
[2020.11.19-12.33.05:048][595]LogModuleManager: Shutting down and abandoning module AvfMediaFactory (476)
[2020.11.19-12.33.05:049][595]LogModuleManager: Shutting down and abandoning module AvfMediaEditor (474)
[2020.11.19-12.33.05:049][595]LogModuleManager: Shutting down and abandoning module AndroidMediaFactory (472)
[2020.11.19-12.33.05:049][595]LogModuleManager: Shutting down and abandoning module Media (471)
[2020.11.19-12.33.05:049][595]LogModuleManager: Shutting down and abandoning module AndroidMediaEditor (468)
[2020.11.19-12.33.05:051][595]LogModuleManager: Shutting down and abandoning module CharacterAI (466)
[2020.11.19-12.33.05:051][595]LogModuleManager: Shutting down and abandoning module AudioCapture (464)
[2020.11.19-12.33.05:090][595]LogModuleManager: Shutting down and abandoning module SequenceRecorder (463)
[2020.11.19-12.33.05:199][595]LogModuleManager: Shutting down and abandoning module SmartSnapping (460)
[2020.11.19-12.33.05:199][595]LogModuleManager: Shutting down and abandoning module SessionServices (458)
[2020.11.19-12.33.05:199][595]LogModuleManager: Shutting down and abandoning module ViewportSnapping (456)
[2020.11.19-12.33.05:199][595]LogModuleManager: Shutting down and abandoning module ViewportInteraction (454)
[2020.11.19-12.33.05:199][595]LogModuleManager: Shutting down and abandoning module ClothPainter (452)
[2020.11.19-12.33.05:327][595]LogModuleManager: Shutting down and abandoning module LogVisualizer (450)
[2020.11.19-12.33.05:366][595]LogModuleManager: Shutting down and abandoning module IntroTutorials (448)
[2020.11.19-12.33.05:524][595]LogModuleManager: Shutting down and abandoning module GameProjectGeneration (447)
[2020.11.19-12.33.05:571][595]LogModuleManager: Shutting down and abandoning module EditorLiveStreaming (444)
[2020.11.19-12.33.05:572][595]LogModuleManager: Shutting down and abandoning module IOSPlatformEditor (442)
[2020.11.19-12.33.05:588][595]LogModuleManager: Shutting down and abandoning module HTML5PlatformEditor (440)
[2020.11.19-12.33.05:588][595]LogModuleManager: Shutting down and abandoning module AndroidPlatformEditor (438)
[2020.11.19-12.33.05:588][595]LogModuleManager: Shutting down and abandoning module AndroidDeviceDetection (437)
[2020.11.19-12.33.06:631][595]LogModuleManager: Shutting down and abandoning module IOSRuntimeSettings (434)
[2020.11.19-12.33.06:631][595]LogModuleManager: Shutting down and abandoning module AndroidRuntimeSettings (432)
[2020.11.19-12.33.06:631][595]LogModuleManager: Shutting down and abandoning module InputBindingEditor (430)
[2020.11.19-12.33.06:683][595]LogModuleManager: Shutting down and abandoning module MergeActors (428)
[2020.11.19-12.33.06:719][595]LogModuleManager: Shutting down and abandoning module SizeMap (426)
[2020.11.19-12.33.06:720][595]LogModuleManager: Shutting down and abandoning module TreeMap (424)
[2020.11.19-12.33.06:786][595]LogModuleManager: Shutting down and abandoning module ReferenceViewer (422)
[2020.11.19-12.33.06:796][595]LogModuleManager: Shutting down and abandoning module LocalizationDashboard (420)
[2020.11.19-12.33.06:814][595]LogModuleManager: Shutting down and abandoning module LocalizationService (419)
[2020.11.19-12.33.06:834][595]LogModuleManager: Shutting down and abandoning module HardwareTargeting (416)
[2020.11.19-12.33.06:834][595]LogModuleManager: Shutting down and abandoning module DeviceProfileEditor (414)
[2020.11.19-12.33.06:851][595]LogModuleManager: Shutting down and abandoning module UndoHistory (412)
[2020.11.19-12.33.06:867][595]LogModuleManager: Shutting down and abandoning module UserFeedback (410)
[2020.11.19-12.33.06:867][595]LogModuleManager: Shutting down and abandoning module XmlParser (408)
[2020.11.19-12.33.06:888][595]LogModuleManager: Shutting down and abandoning module Blutility (406)
[2020.11.19-12.33.06:908][595]LogModuleManager: Shutting down and abandoning module ProjectSettingsViewer (404)
[2020.11.19-12.33.06:908][595]LogModuleManager: Shutting down and abandoning module ProjectTargetPlatformEditor (403)
[2020.11.19-12.33.06:909][595]LogModuleManager: Shutting down and abandoning module EditorSettingsViewer (400)
[2020.11.19-12.33.06:909][595]LogModuleManager: Shutting down and abandoning module SettingsEditor (398)
[2020.11.19-12.33.06:960][595]LogModuleManager: Shutting down and abandoning module ProjectLauncher (396)
[2020.11.19-12.33.06:982][595]LogModuleManager: Shutting down and abandoning module SessionFrontend (394)
[2020.11.19-12.33.06:999][595]LogModuleManager: Shutting down and abandoning module ProfilerClient (392)
[2020.11.19-12.33.07:014][595]LogModuleManager: Shutting down and abandoning module DeviceManager (390)
[2020.11.19-12.33.07:040][595]LogModuleManager: Shutting down and abandoning module TargetDeviceServices (389)
[2020.11.19-12.33.07:132][595]LogModuleManager: Shutting down and abandoning module AutomationController (386)
[2020.11.19-12.33.07:159][595]LogModuleManager: Shutting down and abandoning module AutomationWindow (384)
[2020.11.19-12.33.07:186][595]LogModuleManager: Shutting down and abandoning module Layers (382)
[2020.11.19-12.33.07:459][595]LogModuleManager: Shutting down and abandoning module ComponentVisualizers (380)
[2020.11.19-12.33.07:459][595]LogModuleManager: Shutting down and abandoning module DetailCustomizations (378)
[2020.11.19-12.33.07:517][595]LogModuleManager: Shutting down and abandoning module PackagesDialog (376)
[2020.11.19-12.33.07:557][595]LogModuleManager: Shutting down and abandoning module Persona (374)
[2020.11.19-12.33.07:844][595]LogModuleManager: Shutting down and abandoning module AdvancedPreviewScene (373)
[2020.11.19-12.33.07:845][595]LogModuleManager: Shutting down and abandoning module AnimGraph (371)
[2020.11.19-12.33.07:845][595]LogModuleManager: Shutting down and abandoning module Kismet (368)
[2020.11.19-12.33.08:058][595]LogModuleManager: Shutting down and abandoning module ClassViewer (366)
[2020.11.19-12.33.08:059][595]LogModuleManager: Shutting down and abandoning module Toolbox (364)
[2020.11.19-12.33.08:077][595]LogModuleManager: Shutting down and abandoning module ModuleUI (362)
[2020.11.19-12.33.08:090][595]LogModuleManager: Shutting down and abandoning module MovieSceneTools (360)
[2020.11.19-12.33.08:116][595]LogModuleManager: Shutting down and abandoning module OutputLog (358)
[2020.11.19-12.33.08:142][595]LogModuleManager: Shutting down and abandoning module GammaUI (356)
[2020.11.19-12.33.08:148][595]LogModuleManager: Shutting down and abandoning module Documentation (354)
[2020.11.19-12.33.08:149][595]LogModuleManager: Shutting down and abandoning module MovieSceneTracks (352)
[2020.11.19-12.33.08:149][595]LogModuleManager: Shutting down and abandoning module MovieScene (350)
[2020.11.19-12.33.08:160][595]LogModuleManager: Shutting down and abandoning module Niagara (348)
[2020.11.19-12.33.08:160][595]LogModuleManager: Shutting down and abandoning module NiagaraEditor (347)
[2020.11.19-12.33.08:488][595]LogModuleManager: Shutting down and abandoning module StreamingPauseRendering (344)
[2020.11.19-12.33.08:488][595]LogModuleManager: Shutting down and abandoning module AnalyticsET (342)
[2020.11.19-12.33.08:488][595]LogModuleManager: Shutting down and abandoning module PortalServices (340)
[2020.11.19-12.33.08:488][595]LogModuleManager: Shutting down and abandoning module PortalRpc (338)
[2020.11.19-12.33.08:488][595]LogModuleManager: Shutting down and abandoning module MessagingRpc (336)
[2020.11.19-12.33.08:488][595]LogModuleManager: Shutting down and abandoning module AIModule (334)
[2020.11.19-12.33.08:511][595]LogModuleManager: Shutting down and abandoning module GameplayDebugger (333)
[2020.11.19-12.33.08:511][595]LogModuleManager: Shutting down and abandoning module AITestSuite (331)
[2020.11.19-12.33.08:528][595]LogModuleManager: Shutting down and abandoning module ProfilerService (328)
[2020.11.19-12.33.08:690][595]LogModuleManager: Shutting down and abandoning module TaskGraph (326)
[2020.11.19-12.33.08:720][595]LogModuleManager: Shutting down and abandoning module SteamVRController (324)
[2020.11.19-12.33.08:720][595]LogModuleManager: Shutting down and abandoning module SteamVR (322)
[2020.11.19-12.33.08:720][595]LogModuleManager: Shutting down and abandoning module ProceduralMeshComponentEditor (320)
[2020.11.19-12.33.08:730][595]LogModuleManager: Shutting down and abandoning module ProceduralMeshComponent (318)
[2020.11.19-12.33.08:736][595]LogModuleManager: Shutting down and abandoning module OculusLibrary (316)
[2020.11.19-12.33.08:736][595]LogModuleManager: Shutting down and abandoning module OculusInput (314)
[2020.11.19-12.33.08:736][595]LogModuleManager: Shutting down and abandoning module MobilePatchingUtils (312)
[2020.11.19-12.33.08:736][595]LogModuleManager: Shutting down and abandoning module CustomMeshComponent (310)
[2020.11.19-12.33.08:736][595]LogModuleManager: Shutting down and abandoning module CableComponent (308)
[2020.11.19-12.33.08:753][595]LogModuleManager: Shutting down and abandoning module ArchVisCharacter (306)
[2020.11.19-12.33.08:753][595]LogModuleManager: Shutting down and abandoning module AndroidPermission (304)
[2020.11.19-12.33.08:753][595]LogModuleManager: Shutting down and abandoning module MediaPlayerEditor (300)
[2020.11.19-12.33.08:796][595]LogModuleManager: Shutting down and abandoning module HTML5Networking (298)
[2020.11.19-12.33.08:796][595]LogModuleManager: Shutting down and abandoning module AlembicImporter (296)
[2020.11.19-12.33.08:803][595]LogModuleManager: Shutting down and abandoning module AlembicLibrary (295)
[2020.11.19-12.33.08:803][595]LogModuleManager: Shutting down and abandoning module GeometryCache (294)
[2020.11.19-12.33.08:811][595]LogModuleManager: Shutting down and abandoning module GeometryCacheEd (293)
[2020.11.19-12.33.08:811][595]LogModuleManager: Shutting down and abandoning module SuperSearchEditor (288)
[2020.11.19-12.33.08:811][595]LogModuleManager: Shutting down and abandoning module SuperSearch (287)
[2020.11.19-12.33.08:811][595]LogModuleManager: Shutting down and abandoning module SpeedTreeImporter (284)
[2020.11.19-12.33.08:812][595]LogModuleManager: Shutting down and abandoning module PluginBrowser (282)
[2020.11.19-12.33.08:937][595]LogModuleManager: Shutting down and abandoning module MobileLauncherProfileWizard (280)
[2020.11.19-12.33.09:008][595]LogModuleManager: Shutting down and abandoning module VisualStudioSourceCodeAccess (278)
[2020.11.19-12.33.09:008][595]LogModuleManager: Shutting down and abandoning module DesktopPlatform (277)
[2020.11.19-12.33.09:008][595]LogModuleManager: Shutting down and abandoning module UObjectPlugin (274)
[2020.11.19-12.33.09:008][595]LogModuleManager: Shutting down and abandoning module SubversionSourceControl (272)
[2020.11.19-12.33.09:022][595]LogModuleManager: Shutting down and abandoning module PerforceSourceControl (270)
[2020.11.19-12.33.09:044][595]LogModuleManager: Shutting down and abandoning module GitSourceControl (268)
[2020.11.19-12.33.09:070][595]LogModuleManager: Shutting down and abandoning module SourceControl (267)
[2020.11.19-12.33.09:089][595]LogModuleManager: Shutting down and abandoning module LightPropagationVolumeEditor (264)
[2020.11.19-12.33.09:089][595]LogModuleManager: Shutting down and abandoning module PaperTiledImporter (262)
[2020.11.19-12.33.09:090][595]LogModuleManager: Shutting down and abandoning module PaperSpriteSheetImporter (260)
[2020.11.19-12.33.09:090][595]LogModuleManager: Shutting down and abandoning module Paper2DEditor (258)
[2020.11.19-12.33.09:187][595]LogModuleManager: Shutting down and abandoning module MeshPaint (257)
[2020.11.19-12.33.09:247][595]LogModuleManager: Shutting down and abandoning module LevelEditor (255)
[2020.11.19-12.33.09:295][595]LogModuleManager: Shutting down and abandoning module PixelInspectorModule (254)
[2020.11.19-12.33.09:353][595]LogModuleManager: Shutting down and abandoning module MainFrame (252)
[2020.11.19-12.33.09:409][595]LogModuleManager: Shutting down and abandoning module HotReload (251)
[2020.11.19-12.33.09:620][595]LogModuleManager: Shutting down and abandoning module PhysXVehiclesEditor (246)
[2020.11.19-12.33.09:668][595]LogModuleManager: Shutting down and abandoning module PhysXVehicles (244)
[2020.11.19-12.33.09:668][595]LogModuleManager: Shutting down and abandoning module LocationServicesBPLibrary (242)
[2020.11.19-12.33.09:668][595]LogModuleManager: Shutting down and abandoning module ImmediatePhysicsEditor (240)
[2020.11.19-12.33.09:668][595]LogModuleManager: Shutting down and abandoning module ImmediatePhysics (238)
[2020.11.19-12.33.09:683][595]LogModuleManager: Shutting down and abandoning module UdpMessaging (236)
[2020.11.19-12.33.09:797][595]LogModuleManager: Shutting down and abandoning module TcpMessaging (234)
[2020.11.19-12.33.09:977][595]LogModuleManager: Shutting down and abandoning module GameplayTagsEditor (232)
[2020.11.19-12.33.10:059][595]LogModuleManager: Shutting down and abandoning module FacialAnimationEditor (230)
[2020.11.19-12.33.10:105][595]LogModuleManager: Shutting down and abandoning module FacialAnimation (228)
[2020.11.19-12.33.10:105][595]LogModuleManager: Shutting down and abandoning module AssetManagerEditor (226)
[2020.11.19-12.33.10:134][595]LogModuleManager: Shutting down and abandoning module GraphEditor (225)
[2020.11.19-12.33.10:277][595]LogModuleManager: Shutting down and abandoning module ContentBrowser (223)
[2020.11.19-12.33.10:287][595]LogModuleManager: Shutting down and abandoning module LightPropagationVolumeRuntime (220)
[2020.11.19-12.33.10:287][595]LogModuleManager: Shutting down and abandoning module Paper2D (218)
[2020.11.19-12.33.10:300][595]LogModuleManager: Shutting down and abandoning module WindowsMoviePlayer (216)
[2020.11.19-12.33.10:300][595]LogModuleManager: Shutting down and abandoning module WmfMedia (214)
[2020.11.19-12.33.10:345][595]LogModuleManager: Shutting down and abandoning module ClothingSystemEditor (212)
[2020.11.19-12.33.10:399][595]LogModuleManager: Shutting down and abandoning module ClothingSystemRuntime (210)
[2020.11.19-12.33.10:493][595]LogModuleManager: Shutting down and abandoning module MediaAssets (208)
[2020.11.19-12.33.10:493][595]LogModuleManager: Shutting down and abandoning module GameLiveStreaming (206)
[2020.11.19-12.33.10:508][595]LogModuleManager: Shutting down and abandoning module VREditor (204)
[2020.11.19-12.33.10:523][595]LogModuleManager: Shutting down and abandoning module StringTableEditor (202)
[2020.11.19-12.33.10:601][595]LogModuleManager: Shutting down and abandoning module GameplayTasksEditor (200)
[2020.11.19-12.33.10:601][595]LogModuleManager: Shutting down and abandoning module BehaviorTreeEditor (198)
[2020.11.19-12.33.10:690][595]LogModuleManager: Shutting down and abandoning module FunctionalTesting (196)
[2020.11.19-12.33.10:690][595]LogModuleManager: Shutting down and abandoning module CollisionAnalyzer (194)
[2020.11.19-12.33.10:818][595]LogModuleManager: Shutting down and abandoning module UMG (192)
[2020.11.19-12.33.10:867][595]LogModuleManager: Shutting down and abandoning module UMGEditor (191)
[2020.11.19-12.33.11:060][595]LogModuleManager: Shutting down and abandoning module Sequencer (190)
[2020.11.19-12.33.11:175][595]LogModuleManager: Shutting down and abandoning module AssetTools (188)
[2020.11.19-12.33.11:299][595]LogModuleManager: Shutting down and abandoning module MessageLog (187)
[2020.11.19-12.33.11:299][595]LogModuleManager: Shutting down and abandoning module WorkspaceMenuStructure (186)
[2020.11.19-12.33.11:301][595]LogModuleManager: Shutting down and abandoning module SlateReflector (180)
[2020.11.19-12.33.11:505][595]LogModuleManager: Shutting down and abandoning module Slate (178)
[2020.11.19-12.33.11:505][595]LogModuleManager: Shutting down and abandoning module EditorStyle (176)
[2020.11.19-12.33.11:794][595]LogModuleManager: Shutting down and abandoning module SourceCodeAccess (174)
[2020.11.19-12.33.11:796][595]LogModuleManager: Shutting down and abandoning module HeadMountedDisplay (172)
[2020.11.19-12.33.11:796][595]LogModuleManager: Shutting down and abandoning module XAudio2 (170)
[2020.11.19-12.33.11:796][595]LogModuleManager: Shutting down and abandoning module Networking (168)
[2020.11.19-12.33.11:796][595]LogModuleManager: Shutting down and abandoning module Core (164)
[2020.11.19-12.33.11:796][595]LogModuleManager: Shutting down and abandoning module AssetRegistry (162)
[2020.11.19-12.33.13:659][595]LogDirectoryWatcher: A directory notification for '../../../Engine/Content/' was aborted.
[2020.11.19-12.33.13:659][595]LogDirectoryWatcher: A directory notification for '../../../../../../Users/nutba/Downloads/Supervivencia/Content/' was aborted.
[2020.11.19-12.33.14:199][595]LogDirectoryWatcher: A directory notification for '../../../Engine/Plugins/2D/Paper2D/Content/' was aborted.
[2020.11.19-12.33.14:199][595]LogDirectoryWatcher: A directory notification for '../../../Engine/Plugins/Runtime/GearVR/Content/' was aborted.
[2020.11.19-12.33.14:327][595]LogModuleManager: Shutting down and abandoning module DirectoryWatcher (161)
[2020.11.19-12.33.14:425][595]LogModuleManager: Shutting down and abandoning module KismetCompiler (158)
[2020.11.19-12.33.14:425][595]LogModuleManager: Shutting down and abandoning module LevelSequence (156)
[2020.11.19-12.33.14:425][595]LogModuleManager: Shutting down and abandoning module PhysXFormats (154)
[2020.11.19-12.33.14:425][595]LogModuleManager: Shutting down and abandoning module MeshUtilities (152)
[2020.11.19-12.33.14:778][595]LogModuleManager: Shutting down and abandoning module SimplygonSwarm (151)
[2020.11.19-12.33.14:808][595]LogModuleManager: Shutting down and abandoning module SimplygonMeshReduction (149)
[2020.11.19-12.33.14:946][595]LogModuleManager: Shutting down and abandoning module QuadricMeshReduction (147)
[2020.11.19-12.33.14:955][595]LogModuleManager: Shutting down and abandoning module DerivedDataCache (144)
[2020.11.19-12.33.15:709][595]LogDerivedDataCache: Shutdown
[2020.11.19-12.33.15:710][595]LogModuleManager: Shutting down and abandoning module TargetPlatform (142)
[2020.11.19-12.33.15:861][595]LogModuleManager: Shutting down and abandoning module VulkanShaderFormat (141)
[2020.11.19-12.33.15:896][595]LogModuleManager: Shutting down and abandoning module ShaderFormatVectorVM (139)
[2020.11.19-12.33.15:975][595]LogModuleManager: Shutting down and abandoning module ShaderFormatOpenGL (137)
[2020.11.19-12.33.16:260][595]LogModuleManager: Shutting down and abandoning module ShaderFormatD3D (135)
[2020.11.19-12.33.16:307][595]LogModuleManager: Shutting down and abandoning module MetalShaderFormat (133)
[2020.11.19-12.33.16:346][595]LogModuleManager: Shutting down and abandoning module TextureFormatUncompressed (131)
[2020.11.19-12.33.16:347][595]LogModuleManager: Shutting down and abandoning module TextureFormatPVR (129)
[2020.11.19-12.33.16:347][595]LogModuleManager: Shutting down and abandoning module TextureFormatDXT (127)
[2020.11.19-12.33.16:347][595]LogModuleManager: Shutting down and abandoning module TextureFormatIntelISPCTexComp (125)
[2020.11.19-12.33.16:618][595]LogModuleManager: Shutting down and abandoning module TextureFormatASTC (123)
[2020.11.19-12.33.16:671][595]LogModuleManager: Shutting down and abandoning module ImageWrapper (122)
[2020.11.19-12.33.16:671][595]LogModuleManager: Shutting down and abandoning module TextureFormatAndroid (119)
[2020.11.19-12.33.16:930][595]LogModuleManager: Shutting down and abandoning module AudioFormatOpus (117)
[2020.11.19-12.33.16:931][595]LogModuleManager: Shutting down and abandoning module AudioFormatOgg (115)
[2020.11.19-12.33.16:931][595]LogModuleManager: Shutting down and abandoning module AudioFormatADPCM (113)
[2020.11.19-12.33.17:013][595]LogModuleManager: Shutting down and abandoning module LinuxTargetPlatform (111)
[2020.11.19-12.33.17:078][595]LogModuleManager: Shutting down and abandoning module LinuxServerTargetPlatform (109)
[2020.11.19-12.33.17:098][595]LogModuleManager: Shutting down and abandoning module LinuxNoEditorTargetPlatform (107)
[2020.11.19-12.33.17:137][595]LogModuleManager: Shutting down and abandoning module LinuxClientTargetPlatform (105)
[2020.11.19-12.33.17:187][595]LogModuleManager: Shutting down and abandoning module TVOSTargetPlatform (103)
[2020.11.19-12.33.17:188][595]LogModuleManager: Shutting down and abandoning module Messaging (101)
[2020.11.19-12.33.17:189][595]LogModuleManager: Shutting down and abandoning module IOSTargetPlatform (99)
[2020.11.19-12.33.17:286][595]LogModuleManager: Shutting down and abandoning module HTML5TargetPlatform (97)
[2020.11.19-12.33.17:315][595]LogModuleManager: Shutting down and abandoning module Android_PVRTCTargetPlatform (95)
[2020.11.19-12.33.17:327][595]LogModuleManager: Shutting down and abandoning module Android_MultiTargetPlatform (93)
[2020.11.19-12.33.17:327][595]LogModuleManager: Shutting down and abandoning module Android_ETC2TargetPlatform (91)
[2020.11.19-12.33.17:377][595]LogModuleManager: Shutting down and abandoning module Android_ETC1TargetPlatform (89)
[2020.11.19-12.33.17:384][595]LogModuleManager: Shutting down and abandoning module Android_DXTTargetPlatform (87)
[2020.11.19-12.33.17:458][595]LogModuleManager: Shutting down and abandoning module Android_ATCTargetPlatform (85)
[2020.11.19-12.33.17:520][595]LogModuleManager: Shutting down and abandoning module Android_ASTCTargetPlatform (83)
[2020.11.19-12.33.17:520][595]LogModuleManager: Shutting down and abandoning module AndroidTargetPlatform (81)
[2020.11.19-12.33.17:565][595]LogModuleManager: Shutting down and abandoning module WindowsTargetPlatform (79)
[2020.11.19-12.33.17:566][595]LogModuleManager: Shutting down and abandoning module WindowsServerTargetPlatform (77)
[2020.11.19-12.33.17:591][595]LogModuleManager: Shutting down and abandoning module WindowsNoEditorTargetPlatform (75)
[2020.11.19-12.33.17:620][595]LogModuleManager: Shutting down and abandoning module WindowsClientTargetPlatform (73)
[2020.11.19-12.33.17:633][595]LogModuleManager: Shutting down and abandoning module MacTargetPlatform (71)
[2020.11.19-12.33.17:672][595]LogModuleManager: Shutting down and abandoning module MacServerTargetPlatform (69)
[2020.11.19-12.33.17:672][595]LogModuleManager: Shutting down and abandoning module MacNoEditorTargetPlatform (67)
[2020.11.19-12.33.17:672][595]LogModuleManager: Shutting down and abandoning module MacClientTargetPlatform (65)
[2020.11.19-12.33.17:779][595]LogModuleManager: Shutting down and abandoning module AllDesktopTargetPlatform (63)
[2020.11.19-12.33.17:779][595]LogModuleManager: Shutting down and abandoning module InputCore (60)
[2020.11.19-12.33.17:780][595]LogModuleManager: Shutting down and abandoning module Settings (58)
[2020.11.19-12.33.17:844][595]LogModuleManager: Shutting down and abandoning module OculusRift (56)
[2020.11.19-12.33.17:874][595]LogModuleManager: Shutting down and abandoning module GearVRController (54)
[2020.11.19-12.33.17:874][595]LogModuleManager: Shutting down and abandoning module GearVR (52)
[2020.11.19-12.33.17:891][595]LogModuleManager: Shutting down and abandoning module ExampleDeviceProfileSelector (50)
[2020.11.19-12.33.17:891][595]LogModuleManager: Shutting down and abandoning module OnlineBlueprintSupport (48)
[2020.11.19-12.33.17:892][595]LogModuleManager: Shutting down and abandoning module OnlineSubsystem (44)
[2020.11.19-12.33.17:902][595]LogOnline:Display: Unloading online subsystem: NULL
[2020.11.19-12.33.17:945][595]LogModuleManager: Shutting down and abandoning module XMPP (43)
[2020.11.19-12.33.18:159][595]LogModuleManager: Shutting down and abandoning module HTTP (41)
[2020.11.19-12.33.18:160][595]LogHttp:Display: Http module shutting down, but needs to wait on 1 outstanding Http requests:
[2020.11.19-12.33.18:210][595]LogHttp:Display: 	verb=[POST] url=[https://datarouter.ol.epicgames.com/datarouter/api/v1/public/data?SessionID=%7B7DA66F11-4418-F65C-62E0-3BABA73040F4%7D&AppID=UEEditor.Rocket.Release&AppVersion=4.16.3-3561208%2B%2B%2BUE4%2BRelease-4.16&UserID=ae4f109e44f8ff2430205caea9ebc5ca%7Cd5e4fcee01244f8796a2b8d7b5468124%7C5a1515ad-134e-4215-8a88-c2da015837e6&AppEnvironment=datacollector-binary&UploadType=eteventstream] status=Processing
[2020.11.19-12.33.18:939][595]LogModuleManager: Shutting down and abandoning module SSL (40)
[2020.11.19-12.33.19:020][595]LogModuleManager: Shutting down and abandoning module HTTPChunkInstaller (36)
[2020.11.19-12.33.19:171][595]LogModuleManager: Shutting down and abandoning module AnimationModifiers (34)
[2020.11.19-12.33.19:318][595]LogModuleManager: Shutting down and abandoning module PropertyEditor (33)
[2020.11.19-12.33.19:319][595]LogModuleManager: Shutting down and abandoning module AudioEditor (30)
[2020.11.19-12.33.19:389][595]LogModuleManager: Shutting down and abandoning module TextureCompressor (28)
[2020.11.19-12.33.19:430][595]LogModuleManager: Shutting down and abandoning module ShaderCore (26)
[2020.11.19-12.33.19:430][595]LogModuleManager: Shutting down and abandoning module Landscape (24)
[2020.11.19-12.33.19:430][595]LogModuleManager: Shutting down and abandoning module SlateRHIRenderer (22)
[2020.11.19-12.33.20:045][595]LogModuleManager: Shutting down and abandoning module OpenGLDrv (20)
[2020.11.19-12.33.20:169][595]LogModuleManager: Shutting down and abandoning module D3D11RHI (18)
[2020.11.19-12.33.20:169][595]LogModuleManager: Shutting down and abandoning module AnimGraphRuntime (16)
[2020.11.19-12.33.20:207][595]LogModuleManager: Shutting down and abandoning module Renderer (14)
[2020.11.19-12.33.20:207][595]LogModuleManager: Shutting down and abandoning module Engine (12)
[2020.11.19-12.33.20:207][595]LogModuleManager: Shutting down and abandoning module CoreUObject (10)
[2020.11.19-12.33.20:207][595]LogModuleManager: Shutting down and abandoning module NetworkFile (8)
[2020.11.19-12.33.20:318][595]LogModuleManager: Shutting down and abandoning module StreamingFile (6)
[2020.11.19-12.33.20:358][595]LogModuleManager: Shutting down and abandoning module SandboxFile (4)
[2020.11.19-12.33.20:371][595]LogModuleManager: Shutting down and abandoning module PakFile (2)
[2020.11.19-12.33.20:624][595]LogExit: Exiting.
[2020.11.19-12.33.22:224][595]Log file closed, 11/19/20 13:33:22
