Log file open, 12/30/20 00:06:01
LogInit:Display: Running engine for game: Supervivencia
LogPlatformFile: Not using cached read wrapper
LogInit:Display: RandInit(-1850160466) SRandInit(-1850160466).
LogTaskGraph: Started task graph with 5 named threads and 10 total threads with 1 sets of task threads.
LogStats: Stats thread started at 0.139773
LogInit: Using libcurl 7.47.1
LogInit:  - built for x86_64-pc-win32
LogInit:  - supports SSL with OpenSSL/1.0.2g
LogInit:  - supports HTTP deflate (compression) using libz 1.2.8
LogInit:  - other features:
LogInit:      CURL_VERSION_SSL
LogInit:      CURL_VERSION_LIBZ
LogInit:      CURL_VERSION_IPV6
LogInit:      CURL_VERSION_ASYNCHDNS
LogInit:      CURL_VERSION_LARGEFILE
LogInit:      CURL_VERSION_IDN
LogInit:  CurlRequestOptions (configurable via config and command line):
LogInit:  - bVerifyPeer = false  - Libcurl will NOT verify peer certificate
LogInit:  - bUseHttpProxy = false  - Libcurl will NOT use HTTP proxy
LogInit:  - bDontReuseConnections = false  - Libcurl will reuse connections
LogInit:  - CertBundlePath = nullptr  - Libcurl will use whatever was configured at build time.
LogInit: Build: ++UE4+Release-4.16-CL-3561208
LogInit: Engine Version: 4.16.3-3561208+++UE4+Release-4.16
LogInit: Compatible Engine Version: 4.16.0-3452394+++UE4+Release-4.16
LogInit: Net CL: 3452394
LogDevObjectVersion: Number of dev versions registered: 16
LogDevObjectVersion:   Dev-Blueprints (B0D832E4-1F89-4F0D-ACCF-7EB736FD4AA2): 9
LogDevObjectVersion:   Dev-Build (E1C64328-A22C-4D53-A36C-8E866417BD8C): 0
LogDevObjectVersion:   Dev-Core (375EC13C-06E4-48FB-B500-84F0262A717E): 2
LogDevObjectVersion:   Dev-Editor (E4B068ED-F494-42E9-A231-DA0B2E46BB41): 17
LogDevObjectVersion:   Dev-Framework (CFFC743F-43B0-4480-9391-14DF171D2073): 23
LogDevObjectVersion:   Dev-Mobile (B02B49B5-BB20-44E9-A304-32B752E40360): 0
LogDevObjectVersion:   Dev-Networking (A4E4105C-59A1-49B5-A7C5-40C4547EDFEE): 0
LogDevObjectVersion:   Dev-Online (39C831C9-5AE6-47DC-9A44-9C173E1C8E7C): 0
LogDevObjectVersion:   Dev-Physics (78F01B33-EBEA-4F98-B9B4-84EACCB95AA2): 0
LogDevObjectVersion:   Dev-Platform (6631380F-2D4D-43E0-8009-CF276956A95A): 0
LogDevObjectVersion:   Dev-Rendering (12F88B9F-8875-4AFC-A67C-D90C383ABD29): 15
LogDevObjectVersion:   Dev-Sequencer (7B5AE74C-D270-4C10-A958-57980B212A5A): 4
LogDevObjectVersion:   Dev-VR (D7296918-1DD6-4BDD-9DE2-64A83CC13884): 0
LogDevObjectVersion:   Dev-LoadTimes (C2A15278-BFE7-4AFE-6C17-90FF531DF755): 1
LogDevObjectVersion:   Private-Geometry (6EACA3D4-40EC-4CC1-B786-8BED09428FC5): 1
LogDevObjectVersion:   Dev-AnimPhys (29E575DD-E0A3-4627-9D10-D276232CDCEA): 3
LogInit: Compiled (64-bit): Jul 28 2017 11:49:47
LogInit: Compiled with Visual C++: 19.00.24215.01
LogInit: Build Configuration: Development
LogInit: Branch Name: ++UE4+Release-4.16
LogInit: Command line: 
LogInit: Base directory: D:/PROGRAMAS/UNREAL/UE_4.16/Engine/Binaries/Win64/
LogInit: Installed Engine Build: 1
LogInit: Presizing for max 8388607 objects, including 0 objects not considered by GC, pre-allocating 0 bytes for permanent pool.
LogInit: Object subsystem initialized
[2020.12.29-23.06.01:885][  0]LogInit: Selected Device Profile: [Windows]
[2020.12.29-23.06.01:885][  0]LogInit: Applying CVar settings loaded from the selected device profile: [Windows]
[2020.12.29-23.06.01:896][  0]LogInit: Computer: DESKTOP-IQLRGCS
[2020.12.29-23.06.01:896][  0]LogInit: User: Sofía
[2020.12.29-23.06.01:896][  0]LogInit: CPU Page size=4096, Cores=6
[2020.12.29-23.06.01:896][  0]LogInit: High frequency timer resolution =10.000000 MHz
[2020.12.29-23.06.01:896][  0]LogMemory: Memory total: Physical=16.0GB (16GB approx)
[2020.12.29-23.06.01:896][  0]LogMemory: Platform Memory Stats for Windows
[2020.12.29-23.06.01:896][  0]LogMemory: Process Physical Memory: 276.50 MB used, 276.50 MB peak
[2020.12.29-23.06.01:896][  0]LogMemory: Process Virtual Memory: 267.34 MB used, 267.34 MB peak
[2020.12.29-23.06.01:896][  0]LogMemory: Physical Memory: 6705.23 MB used,  9628.38 MB free, 16333.62 MB total
[2020.12.29-23.06.01:896][  0]LogMemory: Virtual Memory: 4767.56 MB used,  9628.38 MB free, 134217728.00 MB total
[2020.12.29-23.06.01:951][  0]LogInit: Overriding language with editor language configuration option (en).
[2020.12.29-23.06.01:951][  0]LogInit: Overriding locale with editor locale configuration option (en).
[2020.12.29-23.06.02:740][  0]LogD3D11RHI: D3D11 adapters:
[2020.12.29-23.06.02:838][  0]LogD3D11RHI:    0. 'NVIDIA GeForce GTX 1650 SUPER' (Feature Level 11_0)
[2020.12.29-23.06.02:838][  0]LogD3D11RHI:       3955/0/8166 MB DedicatedVideo/DedicatedSystem/SharedSystem, Outputs:1, VendorId:0x10de
[2020.12.29-23.06.02:840][  0]LogD3D11RHI:    1. 'Microsoft Basic Render Driver' (Feature Level 11_0)
[2020.12.29-23.06.02:840][  0]LogD3D11RHI:       0/0/8166 MB DedicatedVideo/DedicatedSystem/SharedSystem, Outputs:0, VendorId:0x1414
[2020.12.29-23.06.02:840][  0]LogD3D11RHI: Chosen D3D11 Adapter: 0
[2020.12.29-23.06.02:845][  0]LogD3D11RHI: Creating new Direct3DDevice
[2020.12.29-23.06.02:845][  0]LogD3D11RHI:     GPU DeviceId: 0x2187 (for the marketing name, search the web for "GPU Device Id")
[2020.12.29-23.06.02:845][  0]LogWindows: EnumDisplayDevices:
[2020.12.29-23.06.02:845][  0]LogWindows:    0. 'NVIDIA GeForce GTX 1650 SUPER' (P:1 D:1)
[2020.12.29-23.06.02:845][  0]LogWindows:    1. 'NVIDIA GeForce GTX 1650 SUPER' (P:0 D:0)
[2020.12.29-23.06.02:845][  0]LogWindows:    2. 'NVIDIA GeForce GTX 1650 SUPER' (P:0 D:0)
[2020.12.29-23.06.02:845][  0]LogWindows:    3. 'NVIDIA GeForce GTX 1650 SUPER' (P:0 D:0)
[2020.12.29-23.06.02:845][  0]LogWindows: DebugString: GetVideoDriverDetailsInvalid PrimaryIsNotTheChoosenAdapter GetVideoDriverDetailsInvalid PrimaryIsNotTheChoosenAdapter GetVideoDriverDetailsInvalid PrimaryIsNotTheChoosenAdapter GetVideoDriverDetailsInvalid PrimaryIsNotTheChoosenAdapter FoundDriverCount:0 
[2020.12.29-23.06.02:845][  0]LogD3D11RHI:     Adapter Name: NVIDIA GeForce GTX 1650 SUPER
[2020.12.29-23.06.02:845][  0]LogD3D11RHI:   Driver Version: Unknown (internal:Unknown, unified:Unknown)
[2020.12.29-23.06.02:845][  0]LogD3D11RHI:      Driver Date: Unknown
[2020.12.29-23.06.02:845][  0]LogRHI: Texture pool is 1361 MB (70% of 1945 MB)
[2020.12.29-23.06.02:912][  0]LogD3D11RHI: Async texture creation enabled
[2020.12.29-23.06.02:925][  0]LogD3D11RHI: GPU Timing Frequency: 1000.000000 (Debug: 2 1)
[2020.12.29-23.06.02:926][  0]LogShaderCompilers: Guid format shader working directory is -55 characters bigger than the processId version (../../../../../../CLASE/VIDEOJUEGOS/LAB/AmpliacionesUnreal/miProyecto/Supervivencia (2)/Supervivencia/Intermediate/Shaders/WorkingDirectory/6904/).
[2020.12.29-23.06.02:926][  0]LogShaderCompilers: Cleaned the shader compiler working directory 'C:/Users/Sofía/AppData/Local/Temp/UnrealShaderWorkingDir/5083453B4D0DABA691604EBBFD68696F/'.
[2020.12.29-23.06.02:926][  0]LogShaderCompilers:Display: Using Local Shader Compiler.
[2020.12.29-23.06.03:706][  0]LogTemp:Display: Loaded TP AllDesktopTargetPlatform
[2020.12.29-23.06.03:746][  0]LogTemp:Display: Loaded TP MacClientTargetPlatform
[2020.12.29-23.06.03:785][  0]LogTemp:Display: Loaded TP MacNoEditorTargetPlatform
[2020.12.29-23.06.03:824][  0]LogTemp:Display: Loaded TP MacServerTargetPlatform
[2020.12.29-23.06.03:863][  0]LogTemp:Display: Loaded TP MacTargetPlatform
[2020.12.29-23.06.03:901][  0]LogTemp:Display: Loaded TP WindowsClientTargetPlatform
[2020.12.29-23.06.03:940][  0]LogTemp:Display: Loaded TP WindowsNoEditorTargetPlatform
[2020.12.29-23.06.03:979][  0]LogTemp:Display: Loaded TP WindowsServerTargetPlatform
[2020.12.29-23.06.04:013][  0]LogTemp:Display: Loaded TP WindowsTargetPlatform
[2020.12.29-23.06.04:050][  0]LogTemp:Display: Loaded TP AndroidTargetPlatform
[2020.12.29-23.06.04:088][  0]LogTemp:Display: Loaded TP Android_ASTCTargetPlatform
[2020.12.29-23.06.04:126][  0]LogTemp:Display: Loaded TP Android_ATCTargetPlatform
[2020.12.29-23.06.04:164][  0]LogTemp:Display: Loaded TP Android_DXTTargetPlatform
[2020.12.29-23.06.04:202][  0]LogTemp:Display: Loaded TP Android_ETC1TargetPlatform
[2020.12.29-23.06.04:240][  0]LogTemp:Display: Loaded TP Android_ETC2TargetPlatform
[2020.12.29-23.06.04:316][  0]LogTemp:Display: Loaded TP Android_MultiTargetPlatform
[2020.12.29-23.06.04:316][  0]LogTemp:Display: Loaded TP Android_PVRTCTargetPlatform
[2020.12.29-23.06.04:345][  0]LogTemp:Display: Loaded TP HTML5TargetPlatform
[2020.12.29-23.06.04:421][  0]LogTemp:Display: Loaded TP IOSTargetPlatform
[2020.12.29-23.06.04:444][  0]LogTemp:Display: Loaded TP TVOSTargetPlatform
[2020.12.29-23.06.04:482][  0]LogTemp:Display: Loaded TP LinuxClientTargetPlatform
[2020.12.29-23.06.04:520][  0]LogTemp:Display: Loaded TP LinuxNoEditorTargetPlatform
[2020.12.29-23.06.04:558][  0]LogTemp:Display: Loaded TP LinuxServerTargetPlatform
[2020.12.29-23.06.04:596][  0]LogTemp:Display: Loaded TP LinuxTargetPlatform
[2020.12.29-23.06.04:596][  0]LogTargetPlatformManager:Display: Building Assets For Windows
[2020.12.29-23.06.04:967][  0]LogDerivedDataCache:Display: Max Cache Size: 512 MB
[2020.12.29-23.06.05:020][  0]LogDerivedDataCache: Loaded boot cache 0.05s 90MB C:/Users/Sofía/AppData/Local/UnrealEngine/4.16/DerivedDataCache/Boot.ddc.
[2020.12.29-23.06.05:020][  0]LogDerivedDataCache:Display: Loaded Boot cache: C:/Users/Sofía/AppData/Local/UnrealEngine/4.16/DerivedDataCache/Boot.ddc
[2020.12.29-23.06.05:020][  0]LogDerivedDataCache: FDerivedDataBackendGraph:  Pak pak cache file ../../../../../../CLASE/VIDEOJUEGOS/LAB/AmpliacionesUnreal/miProyecto/Supervivencia (2)/Supervivencia/DerivedDataCache/DDC.ddp not found, will not use a pak cache.
[2020.12.29-23.06.05:020][  0]LogDerivedDataCache: Unable to find inner node Pak for hierarchical cache Hierarchy.
[2020.12.29-23.06.05:020][  0]LogDerivedDataCache: FDerivedDataBackendGraph:  CompressedPak pak cache file ../../../../../../CLASE/VIDEOJUEGOS/LAB/AmpliacionesUnreal/miProyecto/Supervivencia (2)/Supervivencia/DerivedDataCache/Compressed.ddp not found, will not use a pak cache.
[2020.12.29-23.06.05:020][  0]LogDerivedDataCache: Unable to find inner node CompressedPak for hierarchical cache Hierarchy.
[2020.12.29-23.06.05:036][  0]LogDerivedDataCache:Display: Pak cache opened for reading ../../../Engine/DerivedDataCache/Compressed.ddp.
[2020.12.29-23.06.05:048][  0]LogDerivedDataCache: Using Local data cache path C:/Users/Sofía/AppData/Local/UnrealEngine/Common/DerivedDataCache: Writable
[2020.12.29-23.06.05:055][  0]LogMaterial: Verifying Global Shaders for PCD3D_SM5
[2020.12.29-23.06.05:055][  0]LogSlate: Using Freetype 2.6.0
[2020.12.29-23.06.05:056][  0]LogSlate: SlateFontCache - WITH_FREETYPE: 1, WITH_HARFBUZZ: 1
[2020.12.29-23.06.05:056][  0]LogSlate: SlateFontCache - WITH_FREETYPE: 1, WITH_HARFBUZZ: 1
[2020.12.29-23.06.05:316][  0]LogInit: Selected Device Profile: [Windows]
[2020.12.29-23.06.05:363][  0]LogContentStreaming: Texture pool size is 0.00 MB
[2020.12.29-23.06.05:477][  0]LogMeshUtilities: Using QuadricMeshReduction for automatic static mesh reduction
[2020.12.29-23.06.05:512][  0]LogSimplygon: Simplygon DLL not present - disabling.
[2020.12.29-23.06.05:556][  0]LogMeshUtilities: Using SimplygonSwarm for distributed automatic mesh merging
[2020.12.29-23.06.05:556][  0]LogMeshUtilities: No automatic skeletal mesh reduction module available
[2020.12.29-23.06.05:556][  0]LogMeshUtilities: No automatic mesh merging module available
[2020.12.29-23.06.05:957][  0]LogNetVersion: Supervivencia , NetCL: 3452394, EngineNetVer: 2, GameNetVer: 0 (Checksum: 1556410374)
[2020.12.29-23.06.06:010][  0]LogAssetRegistry: FAssetRegistry took 0.0257 seconds to start up
[2020.12.29-23.06.06:042][  0]LogPackageLocalizationCache: Processed 4 localized package path(s) for 1 prioritized culture(s) in 0.014896 seconds
[2020.12.29-23.06.06:046][  0]LogUObjectArray: 34194 objects as part of root set at end of initial load.
[2020.12.29-23.06.06:046][  0]LogUObjectAllocator: 7260416 out of 0 bytes used by permanent object pool.
[2020.12.29-23.06.06:046][  0]LogUObjectArray: CloseDisregardForGC: 0/0 objects in disregard for GC pool
[2020.12.29-23.06.06:092][  0]LogInit: WinSock: version 1.1 (2.2), MaxSocks=32767, MaxUdp=65467
[2020.12.29-23.06.07:893][  0]LogTcpMessaging: Initializing TcpMessaging bridge
[2020.12.29-23.06.07:927][  0]LogUdpMessaging: Initializing bridge on interface 0.0.0.0:0 to multicast group 230.0.0.1:6666.
[2020.12.29-23.06.08:342][  0]LogMaterial: Uniform references updated for custom material expression Custom.
[2020.12.29-23.06.08:636][  0]SourceControl: Info Source control is disabled
[2020.12.29-23.06.08:637][  0]SourceControl: Info Source control is disabled
[2020.12.29-23.06.08:676][  0]SourceControl: Info Source control is disabled
[2020.12.29-23.06.08:714][  0]SourceControl: Info Source control is disabled
[2020.12.29-23.06.09:244][  0]LogAndroidPermission: UAndroidPermissionCallbackProxy::GetInstance
[2020.12.29-23.06.09:705][  0]LogEngine: Initializing Engine...
[2020.12.29-23.06.09:706][  0]LogHMD: Failed to initialize OpenVR with code 110
[2020.12.29-23.06.09:827][  0]LogStats: UGameplayTagsManager::ConstructGameplayTagTree: Construct from data asset -  0.000 s
[2020.12.29-23.06.09:827][  0]LogStats: UGameplayTagsManager::ConstructGameplayTagTree: GameplayTagTreeChangedEvent.Broadcast -  0.000 s
[2020.12.29-23.06.09:920][  0]LogAIModule: Creating AISystem for world Untitled
[2020.12.29-23.06.09:930][  0]LogInit: XAudio2 using 'cascos (Realtek(R) Audio)' : 2 channels at 48 kHz using 32 bits per sample (channel mask 0x3)
[2020.12.29-23.06.09:957][  0]LogInit: FAudioDevice initialized.
[2020.12.29-23.06.09:996][  0]LogDerivedDataCache: Saved boot cache 0.04s 90MB C:/Users/Sofía/AppData/Local/UnrealEngine/4.16/DerivedDataCache/Boot.ddc.
[2020.12.29-23.06.10:006][  0]LogInit: Texture streaming: Enabled
[2020.12.29-23.06.10:075][  0]LogEngineSessionManager: EngineSessionManager initialized
[2020.12.29-23.06.10:236][  0]LogInit: Transaction tracking system initialized
[2020.12.29-23.06.10:462][  0]BlueprintLog: New page: Editor Load
[2020.12.29-23.06.11:144][  0]LocalizationService: Info Localization service is disabled
[2020.12.29-23.06.11:654][  0]LogConsoleResponse:Display: 
[2020.12.29-23.06.11:747][  0]LogCook:Display: Max memory allowance for cook 16384mb min free memory 0mb
[2020.12.29-23.06.11:747][  0]LogCook:Display: Mobile HDR setting 1
[2020.12.29-23.06.12:546][  0]LogFileCache: Scanning file cache for directory 'D:/CLASE/VIDEOJUEGOS/LAB/AmpliacionesUnreal/miProyecto/Supervivencia (2)/Supervivencia/Content/' took 0.02s
[2020.12.29-23.06.12:546][  0]SourceControl: Info Source control is disabled
[2020.12.29-23.06.12:546][  0]Cmd: MAP LOAD FILE="../../../../../../CLASE/VIDEOJUEGOS/LAB/AmpliacionesUnreal/miProyecto/Supervivencia (2)/Supervivencia/Content/Maps/Menu.umap" TEMPLATE=0 SHOWPROGRESS=1 FEATURELEVEL=3
[2020.12.29-23.06.12:546][  0]LogEditorServer:Warning: Can't find file '../../../../../../CLASE/VIDEOJUEGOS/LAB/AmpliacionesUnreal/miProyecto/Supervivencia (2)/Supervivencia/Content/Maps/Menu.umap'
[2020.12.29-23.06.12:546][  0]Cmd: MAP CHECKDEP NOCLEARLOG
[2020.12.29-23.06.12:583][  0]MapCheck: Info Map check complete: 0 Error(s), 0 Warning(s), took 36.844ms to complete.
[2020.12.29-23.06.12:583][  0]LogFileHelpers: Loading map 'Menu' took 0.037
[2020.12.29-23.06.12:700][  0]LogCollectionManager: Loaded 0 collections in 0.000892 seconds
[2020.12.29-23.06.12:767][  0]LogFileCache: Scanning file cache for directory 'D:/CLASE/VIDEOJUEGOS/LAB/AmpliacionesUnreal/miProyecto/Supervivencia (2)/Supervivencia/Saved/Collections/' took 0.01s
[2020.12.29-23.06.12:767][  0]LogFileCache: Scanning file cache for directory 'D:/CLASE/VIDEOJUEGOS/LAB/AmpliacionesUnreal/miProyecto/Supervivencia (2)/Supervivencia/Content/Developers/Sofía/Collections/' took 0.01s
[2020.12.29-23.06.12:767][  0]LogFileCache: Scanning file cache for directory 'D:/CLASE/VIDEOJUEGOS/LAB/AmpliacionesUnreal/miProyecto/Supervivencia (2)/Supervivencia/Content/Collections/' took 0.01s
[2020.12.29-23.06.12:767][  0]LogCollectionManager: Rebuilt the GUID cache for 0 collections in 0.000001 seconds
[2020.12.29-23.06.12:775][  0]LogContentBrowser: Native class hierarchy populated in 0.0079 seconds. Added 2329 classes and 491 folders.
[2020.12.29-23.06.12:823][  0]LogContentBrowser: Native class hierarchy updated for 'WidgetCarousel' in 0.0006 seconds. Added 0 classes and 0 folders.
[2020.12.29-23.06.12:865][  0]LogContentBrowser: Native class hierarchy updated for 'AddContentDialog' in 0.0006 seconds. Added 0 classes and 0 folders.
[2020.12.29-23.06.12:899][  0]LogContentBrowser: Native class hierarchy updated for 'SceneOutliner' in 0.0006 seconds. Added 1 classes and 2 folders.
[2020.12.29-23.06.12:928][  0]LogCrashTracker: Crashtracker disabled due to settings.
[2020.12.29-23.06.12:933][  0]LogSlate: Took 0.000211 seconds to synchronously load lazily loaded font '../../../Engine/Content/Slate/Fonts/Roboto-Regular.ttf' (155K)
[2020.12.29-23.06.12:935][  0]LogSlate: Took 0.000169 seconds to synchronously load lazily loaded font '../../../Engine/Content/Slate/Fonts/Roboto-Bold.ttf' (160K)
[2020.12.29-23.06.12:938][  0]LogSlate: Took 0.000185 seconds to synchronously load lazily loaded font '../../../Engine/Content/Editor/Slate/Fonts/FontAwesome.ttf' (139K)
[2020.12.29-23.06.13:007][  0]LogRenderer: Reallocating scene render targets to support 1076x436 NumSamples 1 (Frame:1).
[2020.12.29-23.06.13:158][  0]LogUObjectGlobals:Warning: Failed to find object 'Class None.'
[2020.12.29-23.06.13:212][  0]LogContentBrowser: Native class hierarchy updated for 'HierarchicalLODOutliner' in 0.0006 seconds. Added 1 classes and 2 folders.
[2020.12.29-23.06.13:212][  0]LogLoad: (Engine Initialization) Total time: 12.90 seconds
[2020.12.29-23.06.13:212][  0]LogLoad: (Engine Initialization) Total Blueprint compile time: 0.03 seconds
[2020.12.29-23.06.13:212][  0]LogExternalProfiler: No external profilers were discovered.  External profiling features will not be available.
[2020.12.29-23.06.13:221][  0]LogOcInput: OculusInput pre-init called
[2020.12.29-23.06.13:221][  0]LogHMD: Starting GearVRController plugin
[2020.12.29-23.06.13:250][  0]LogContentStreaming: Texture pool size now 1000 MB
[2020.12.29-23.06.13:287][  1]LogFileCache: Retrieving MD5 hashes for directory 'D:/CLASE/VIDEOJUEGOS/LAB/AmpliacionesUnreal/miProyecto/Supervivencia (2)/Supervivencia/Content/' took 0.05s
[2020.12.29-23.06.13:290][  1]LogAssetRegistry: Asset discovery search completed in 7.3033 seconds
[2020.12.29-23.06.13:292][  1]LogCollectionManager: Rebuilt the object cache for 0 collections in 0.000000 seconds (found 0 objects)
[2020.12.29-23.06.13:292][  1]LogCollectionManager: Fixed up redirectors for 0 collections in 0.000015 seconds (updated 0 objects)
[2020.12.29-23.06.29:152][902]LogTemp: Repeting last play command: Selected Viewport
[2020.12.29-23.06.29:211][902]LogPlayLevel: PlayLevel: No blueprints needed recompiling
[2020.12.29-23.06.29:212][902]PIE: New page: PIE session: Untitled_0 (Dec 30, 2020, 1:06:29 AM)
[2020.12.29-23.06.29:214][902]LogPlayLevel: Creating play world package: /Temp/UEDPIE_0_Untitled_0
[2020.12.29-23.06.29:215][902]LogPlayLevel: PIE: StaticDuplicateObject took: (0.000436s)
[2020.12.29-23.06.29:215][902]LogAIModule: Creating AISystem for world Untitled
[2020.12.29-23.06.29:215][902]LogPlayLevel: PIE: World Init took: (0.000446s)
[2020.12.29-23.06.29:215][902]LogPlayLevel: PIE: Created PIE world by copying editor world from /Temp/Untitled_0.Untitled to /Temp/UEDPIE_0_Untitled_0.Untitled (0.000993s)
[2020.12.29-23.06.29:227][902]LogInit: XAudio2 using 'cascos (Realtek(R) Audio)' : 2 channels at 48 kHz using 32 bits per sample (channel mask 0x3)
[2020.12.29-23.06.29:238][902]LogInit: FAudioDevice initialized.
[2020.12.29-23.06.29:655][902]LogLoad: Game class is 'ModoSupervivencia_C'
[2020.12.29-23.06.29:657][902]LogWorld: Bringing World /Temp/UEDPIE_0_Untitled_0.Untitled up for play (max tick rate 0) at 2020.12.30-00.06.29
[2020.12.29-23.06.29:658][902]LogWorld: Bringing up level for play took: 0.000437
[2020.12.29-23.06.29:689][902]LogContentBrowser: Native class hierarchy updated for 'MovieSceneCapture' in 0.0006 seconds. Added 11 classes and 0 folders.
[2020.12.29-23.06.29:692][902]LogScriptCore:Warning: Script Msg: Attempted to access index 0 from array CallFunc_GetAllActorsOfClass_OutActors2 of length 0!
[2020.12.29-23.06.29:692][902]LogBlueprintUserMessages:Warning: SetTimer passed a bad function (GenerarEnemigo) or object (None)
[2020.12.29-23.06.29:692][902]PIE: Info Play in editor start time for /Temp/UEDPIE_0_Untitled_0 0.93
[2020.12.29-23.06.43:424][542]LogSlate: Took 0.000177 seconds to synchronously load lazily loaded font '../../../Engine/Content/Slate/Fonts/Roboto-Light.ttf' (159K)
[2020.12.29-23.06.43:448][542]LogAIModule: Creating AISystem for world Menu
[2020.12.29-23.06.43:458][542]Cmd: MAP LOAD FILE="../../../../../../CLASE/VIDEOJUEGOS/LAB/AmpliacionesUnreal/miProyecto/Supervivencia (2)/Supervivencia/Content/Levels/Menu.umap" TEMPLATE=0 SHOWPROGRESS=1 FEATURELEVEL=3
[2020.12.29-23.06.43:458][542]LightingResults: New page: Lighting Build
[2020.12.29-23.06.43:489][542]LogContentBrowser: Native class hierarchy updated for 'StatsViewer' in 0.0006 seconds. Added 5 classes and 0 folders.
[2020.12.29-23.06.43:490][542]LoadErrors: New page: Loading map: Menu.umap
[2020.12.29-23.06.43:490][542]MapCheck: New page: Map Check
[2020.12.29-23.06.43:490][542]LightingResults: New page: Lighting Build
[2020.12.29-23.06.43:496][542]LogEditorServer: Finished looking for orphan Actors (0.000 secs)
[2020.12.29-23.06.43:529][542]Cmd: MAP CHECKDEP NOCLEARLOG
[2020.12.29-23.06.43:576][542]MapCheck: Info Map check complete: 0 Error(s), 0 Warning(s), took 47.085ms to complete.
[2020.12.29-23.06.43:576][542]LogFileHelpers: Loading map 'Menu' took 0.119
[2020.12.29-23.06.46:990][912]LogAIModule: Creating AISystem for world Level2
[2020.12.29-23.06.47:007][912]Cmd: MAP LOAD FILE="../../../../../../CLASE/VIDEOJUEGOS/LAB/AmpliacionesUnreal/miProyecto/Supervivencia (2)/Supervivencia/Content/Levels/Level2.umap" TEMPLATE=0 SHOWPROGRESS=1 FEATURELEVEL=3
[2020.12.29-23.06.47:007][912]LightingResults: New page: Lighting Build
[2020.12.29-23.06.47:008][912]LoadErrors: New page: Loading map: Level2.umap
[2020.12.29-23.06.47:008][912]MapCheck: New page: Map Check
[2020.12.29-23.06.47:008][912]LightingResults: New page: Lighting Build
[2020.12.29-23.06.47:033][912]LogEditorServer: Finished looking for orphan Actors (0.000 secs)
[2020.12.29-23.06.47:078][912]Cmd: MAP CHECKDEP NOCLEARLOG
[2020.12.29-23.06.47:128][912]MapCheck: Info Map check complete: 0 Error(s), 0 Warning(s), took 50.349ms to complete.
[2020.12.29-23.06.47:128][912]LogFileHelpers: Loading map 'Level2' took 0.122
[2020.12.29-23.06.49:509][195]LogTemp: Repeting last play command: Selected Viewport
[2020.12.29-23.06.49:526][195]LogPlayLevel: PlayLevel: No blueprints needed recompiling
[2020.12.29-23.06.49:526][195]PIE: New page: PIE session: Level2 (Dec 30, 2020, 1:06:49 AM)
[2020.12.29-23.06.49:526][195]LogPlayLevel: Creating play world package: /Game/Levels/UEDPIE_0_Level2
[2020.12.29-23.06.49:539][195]LogPlayLevel: PIE: StaticDuplicateObject took: (0.013098s)
[2020.12.29-23.06.49:540][195]LogAIModule: Creating AISystem for world Level2
[2020.12.29-23.06.49:540][195]LogPlayLevel: PIE: World Init took: (0.000604s)
[2020.12.29-23.06.49:540][195]LogPlayLevel: PIE: Created PIE world by copying editor world from /Game/Levels/Level2.Level2 to /Game/Levels/UEDPIE_0_Level2.Level2 (0.013848s)
[2020.12.29-23.06.49:550][195]LogInit: XAudio2 using 'cascos (Realtek(R) Audio)' : 2 channels at 48 kHz using 32 bits per sample (channel mask 0x3)
[2020.12.29-23.06.49:561][195]LogInit: FAudioDevice initialized.
[2020.12.29-23.06.49:589][195]LogLoad: Game class is 'ModoSupervivencia_C'
[2020.12.29-23.06.49:593][195]LogWorld: Bringing World /Game/Levels/UEDPIE_0_Level2.Level2 up for play (max tick rate 0) at 2020.12.30-00.06.49
[2020.12.29-23.06.49:593][195]LogWorld: Bringing up level for play took: 0.003025
[2020.12.29-23.06.49:595][195]PIE: Info Play in editor start time for /Game/Levels/UEDPIE_0_Level2 0.833
[2020.12.29-23.06.53:358][636]LogAIModule: Creating AISystem for world Menu
[2020.12.29-23.06.53:365][636]Cmd: MAP LOAD FILE="../../../../../../CLASE/VIDEOJUEGOS/LAB/AmpliacionesUnreal/miProyecto/Supervivencia (2)/Supervivencia/Content/Levels/Menu.umap" TEMPLATE=0 SHOWPROGRESS=1 FEATURELEVEL=3
[2020.12.29-23.06.53:365][636]LightingResults: New page: Lighting Build
[2020.12.29-23.06.53:365][636]LoadErrors: New page: Loading map: Menu.umap
[2020.12.29-23.06.53:367][636]MapCheck: New page: Map Check
[2020.12.29-23.06.53:367][636]LightingResults: New page: Lighting Build
[2020.12.29-23.06.53:376][636]LogEditorServer: Finished looking for orphan Actors (0.000 secs)
[2020.12.29-23.06.53:410][636]Cmd: MAP CHECKDEP NOCLEARLOG
[2020.12.29-23.06.53:459][636]MapCheck: Info Map check complete: 0 Error(s), 0 Warning(s), took 49.72ms to complete.
[2020.12.29-23.06.53:460][636]LogFileHelpers: Loading map 'Menu' took 0.095
[2020.12.29-23.06.54:935][812]LogTemp: Repeting last play command: Selected Viewport
[2020.12.29-23.06.54:952][812]LogBlueprintUserMessages: Early PlayInEditor Detection: Level '/Game/Levels/Menu.Menu:PersistentLevel' has LevelScriptBlueprint '/Game/Levels/Menu.Menu:PersistentLevel.Menu' with GeneratedClass '/Game/Levels/Menu.Menu_C' with ClassGeneratedBy '/Game/Levels/Menu.Menu:PersistentLevel.Menu'
[2020.12.29-23.06.54:952][812]LogPlayLevel: PlayLevel: No blueprints needed recompiling
[2020.12.29-23.06.54:952][812]PIE: New page: PIE session: Menu (Dec 30, 2020, 1:06:54 AM)
[2020.12.29-23.06.54:953][812]LogPlayLevel: Creating play world package: /Game/Levels/UEDPIE_0_Menu
[2020.12.29-23.06.54:953][812]LogPlayLevel: PIE: StaticDuplicateObject took: (0.000747s)
[2020.12.29-23.06.54:954][812]LogAIModule: Creating AISystem for world Menu
[2020.12.29-23.06.54:954][812]LogPlayLevel: PIE: World Init took: (0.000420s)
[2020.12.29-23.06.54:954][812]LogPlayLevel: PIE: Created PIE world by copying editor world from /Game/Levels/Menu.Menu to /Game/Levels/UEDPIE_0_Menu.Menu (0.001295s)
[2020.12.29-23.06.54:964][812]LogInit: XAudio2 using 'cascos (Realtek(R) Audio)' : 2 channels at 48 kHz using 32 bits per sample (channel mask 0x3)
[2020.12.29-23.06.54:975][812]LogInit: FAudioDevice initialized.
[2020.12.29-23.06.55:003][812]LogLoad: Game class is 'ModoSupervivencia_C'
[2020.12.29-23.06.55:004][812]LogWorld: Bringing World /Game/Levels/UEDPIE_0_Menu.Menu up for play (max tick rate 0) at 2020.12.30-00.06.55
[2020.12.29-23.06.55:005][812]LogWorld: Bringing up level for play took: 0.000566
[2020.12.29-23.06.55:006][812]LogScriptCore:Warning: Script Msg: Attempted to access index 0 from array CallFunc_GetAllActorsOfClass_OutActors2 of length 0!
[2020.12.29-23.06.55:006][812]LogBlueprintUserMessages:Warning: SetTimer passed a bad function (GenerarEnemigo) or object (None)
[2020.12.29-23.06.55:007][812]PIE: Info Play in editor start time for /Game/Levels/UEDPIE_0_Menu 0.244
[2020.12.29-23.06.55:007][812]LogBlueprintUserMessages: Late PlayInEditor Detection: Level '/Game/Levels/Menu.Menu:PersistentLevel' has LevelScriptBlueprint '/Game/Levels/Menu.Menu:PersistentLevel.Menu' with GeneratedClass '/Game/Levels/Menu.Menu_C' with ClassGeneratedBy '/Game/Levels/Menu.Menu:PersistentLevel.Menu'
[2020.12.29-23.07.01:970][647]LogNet: Browse: /Game/Levels/Level2
[2020.12.29-23.07.01:970][647]LogLoad: LoadMap: /Game/Levels/Level2
[2020.12.29-23.07.01:976][647]Cmd: MEM
[2020.12.29-23.07.01:981][647]LogMemory: Platform Memory Stats for Windows
[2020.12.29-23.07.01:981][647]LogMemory: Process Physical Memory: 1217.85 MB used, 1237.68 MB peak
[2020.12.29-23.07.01:981][647]LogMemory: Process Virtual Memory: 1688.37 MB used, 1793.30 MB peak
[2020.12.29-23.07.01:981][647]LogMemory: Physical Memory: 7018.99 MB used,  9314.63 MB free, 16333.62 MB total
[2020.12.29-23.07.01:981][647]LogMemory: Virtual Memory: 6720.83 MB used,  9314.63 MB free, 134217728.00 MB total
[2020.12.29-23.07.01:981][647]LogMemory: 
[2020.12.29-23.07.01:981][647]Allocator Stats for TBB: (not implemented)
[2020.12.29-23.07.02:489][647]LogAIModule: Creating AISystem for world Level2
[2020.12.29-23.07.02:489][647]LogLoad: Game class is 'ModoSupervivencia_C'
[2020.12.29-23.07.02:494][647]LogWorld: Bringing World /Game/Levels/UEDPIE_0_Level2.Level2 up for play (max tick rate 0) at 2020.12.30-00.07.02
[2020.12.29-23.07.02:495][647]LogWorld: Bringing up level for play took: 0.005019
[2020.12.29-23.07.02:497][647]LogLoad: Took 0.526552 seconds to LoadMap(/Game/Levels/Level2)
[2020.12.29-23.07.06:865][159]LogBlueprintUserMessages: Early EndPlayMap Detection: Level '/Game/Levels/Menu.Menu:PersistentLevel' has LevelScriptBlueprint '/Game/Levels/Menu.Menu:PersistentLevel.Menu' with GeneratedClass '/Game/Levels/Menu.Menu_C' with ClassGeneratedBy '/Game/Levels/Menu.Menu:PersistentLevel.Menu'
[2020.12.29-23.07.06:894][159]LogBlueprintUserMessages: Late EndPlayMap Detection: Level '/Game/Levels/Menu.Menu:PersistentLevel' has LevelScriptBlueprint '/Game/Levels/Menu.Menu:PersistentLevel.Menu' with GeneratedClass '/Game/Levels/Menu.Menu_C' with ClassGeneratedBy '/Game/Levels/Menu.Menu:PersistentLevel.Menu'
[2020.12.29-23.07.17:112][274]LogContentBrowser: Native class hierarchy updated for 'BlueprintGraph' in 0.0009 seconds. Added 112 classes and 0 folders.
[2020.12.29-23.07.17:566][274]LogSlate: Took 0.000194 seconds to synchronously load lazily loaded font '../../../Engine/Content/Slate/Fonts/Roboto-Light.ttf' (159K)
[2020.12.29-23.07.17:566][274]LogSlate: Took 0.000135 seconds to synchronously load lazily loaded font '../../../Engine/Content/Editor/Slate/Fonts/Roboto-BoldCondensed.ttf' (158K)
[2020.12.29-23.07.23:181][837]LogSlate: Took 0.001501 seconds to synchronously load lazily loaded font '../../../Engine/Content/Slate/Fonts/DroidSansFallback.ttf' (3848K)
[2020.12.29-23.07.33:216][942]BlueprintLog: New page: Compile MenuWidgetBlueprint
[2020.12.29-23.07.33:315][942]BlueprintEditorCompileResults: Info Fast Template Successfully Created.
[2020.12.29-23.07.33:744][983]LogSavePackage: Save=13.76ms
[2020.12.29-23.07.33:744][983]LogSavePackage: Moving '../../../../../../CLASE/VIDEOJUEGOS/LAB/AmpliacionesUnreal/miProyecto/Supervivencia (2)/Supervivencia/Saved/MenuWidgetBlueprint86C47AD1409D99D8FA9199B792A5134F.tmp' to '../../../../../../CLASE/VIDEOJUEGOS/LAB/AmpliacionesUnreal/miProyecto/Supervivencia (2)/Supervivencia/Content/HUDS/MenuWidgetBlueprint.uasset'
[2020.12.29-23.07.33:746][983]LogSavePackage:Display: Finished SavePackage ../../../../../../CLASE/VIDEOJUEGOS/LAB/AmpliacionesUnreal/miProyecto/Supervivencia (2)/Supervivencia/Content/HUDS/MenuWidgetBlueprint.uasset
[2020.12.29-23.07.35:045][129]LogTemp: Repeting last play command: Selected Viewport
[2020.12.29-23.07.35:071][129]LogBlueprintUserMessages: Early PlayInEditor Detection: Level '/Game/Levels/Menu.Menu:PersistentLevel' has LevelScriptBlueprint '/Game/Levels/Menu.Menu:PersistentLevel.Menu' with GeneratedClass '/Game/Levels/Menu.Menu_C' with ClassGeneratedBy '/Game/Levels/Menu.Menu:PersistentLevel.Menu'
[2020.12.29-23.07.35:071][129]LogPlayLevel: PlayLevel: No blueprints needed recompiling
[2020.12.29-23.07.35:072][129]PIE: New page: PIE session: Menu (Dec 30, 2020, 1:07:35 AM)
[2020.12.29-23.07.35:072][129]LogPlayLevel: Creating play world package: /Game/Levels/UEDPIE_0_Menu
[2020.12.29-23.07.35:073][129]LogPlayLevel: PIE: StaticDuplicateObject took: (0.000664s)
[2020.12.29-23.07.35:073][129]LogAIModule: Creating AISystem for world Menu
[2020.12.29-23.07.35:074][129]LogPlayLevel: PIE: World Init took: (0.000438s)
[2020.12.29-23.07.35:074][129]LogPlayLevel: PIE: Created PIE world by copying editor world from /Game/Levels/Menu.Menu to /Game/Levels/UEDPIE_0_Menu.Menu (0.001231s)
[2020.12.29-23.07.35:089][129]LogInit: XAudio2 using 'cascos (Realtek(R) Audio)' : 2 channels at 48 kHz using 32 bits per sample (channel mask 0x3)
[2020.12.29-23.07.35:100][129]LogInit: FAudioDevice initialized.
[2020.12.29-23.07.35:133][129]LogLoad: Game class is 'ModoSupervivencia_C'
[2020.12.29-23.07.35:134][129]LogWorld: Bringing World /Game/Levels/UEDPIE_0_Menu.Menu up for play (max tick rate 0) at 2020.12.30-00.07.35
[2020.12.29-23.07.35:134][129]LogWorld: Bringing up level for play took: 0.000423
[2020.12.29-23.07.35:136][129]LogScriptCore:Warning: Script Msg: Attempted to access index 0 from array CallFunc_GetAllActorsOfClass_OutActors2 of length 0!
[2020.12.29-23.07.35:136][129]LogBlueprintUserMessages:Warning: SetTimer passed a bad function (GenerarEnemigo) or object (None)
[2020.12.29-23.07.35:136][129]PIE: Info Play in editor start time for /Game/Levels/UEDPIE_0_Menu 0.375
[2020.12.29-23.07.35:137][129]LogBlueprintUserMessages: Late PlayInEditor Detection: Level '/Game/Levels/Menu.Menu:PersistentLevel' has LevelScriptBlueprint '/Game/Levels/Menu.Menu:PersistentLevel.Menu' with GeneratedClass '/Game/Levels/Menu.Menu_C' with ClassGeneratedBy '/Game/Levels/Menu.Menu:PersistentLevel.Menu'
[2020.12.29-23.07.38:399][520]LogBlueprintUserMessages: Early EndPlayMap Detection: Level '/Game/Levels/Menu.Menu:PersistentLevel' has LevelScriptBlueprint '/Game/Levels/Menu.Menu:PersistentLevel.Menu' with GeneratedClass '/Game/Levels/Menu.Menu_C' with ClassGeneratedBy '/Game/Levels/Menu.Menu:PersistentLevel.Menu'
[2020.12.29-23.07.38:434][520]LogBlueprintUserMessages: Late EndPlayMap Detection: Level '/Game/Levels/Menu.Menu:PersistentLevel' has LevelScriptBlueprint '/Game/Levels/Menu.Menu:PersistentLevel.Menu' with GeneratedClass '/Game/Levels/Menu.Menu_C' with ClassGeneratedBy '/Game/Levels/Menu.Menu:PersistentLevel.Menu'
[2020.12.29-23.07.53:236][113]BlueprintLog: New page: Compile MenuWidgetBlueprint
[2020.12.29-23.07.53:326][113]BlueprintEditorCompileResults: Info Fast Template Successfully Created.
[2020.12.29-23.07.53:736][153]LogSavePackage: Save=14.66ms
[2020.12.29-23.07.53:736][153]LogSavePackage: Moving '../../../../../../CLASE/VIDEOJUEGOS/LAB/AmpliacionesUnreal/miProyecto/Supervivencia (2)/Supervivencia/Saved/MenuWidgetBlueprintD5D827D94B082A694EDE6EAA241ACB8B.tmp' to '../../../../../../CLASE/VIDEOJUEGOS/LAB/AmpliacionesUnreal/miProyecto/Supervivencia (2)/Supervivencia/Content/HUDS/MenuWidgetBlueprint.uasset'
[2020.12.29-23.07.53:739][153]LogSavePackage:Display: Finished SavePackage ../../../../../../CLASE/VIDEOJUEGOS/LAB/AmpliacionesUnreal/miProyecto/Supervivencia (2)/Supervivencia/Content/HUDS/MenuWidgetBlueprint.uasset
[2020.12.29-23.07.56:412][444]LogTemp: Repeting last play command: Selected Viewport
[2020.12.29-23.07.56:429][444]LogBlueprintUserMessages: Early PlayInEditor Detection: Level '/Game/Levels/Menu.Menu:PersistentLevel' has LevelScriptBlueprint '/Game/Levels/Menu.Menu:PersistentLevel.Menu' with GeneratedClass '/Game/Levels/Menu.Menu_C' with ClassGeneratedBy '/Game/Levels/Menu.Menu:PersistentLevel.Menu'
[2020.12.29-23.07.56:429][444]LogPlayLevel: PlayLevel: No blueprints needed recompiling
[2020.12.29-23.07.56:429][444]PIE: New page: PIE session: Menu (Dec 30, 2020, 1:07:56 AM)
[2020.12.29-23.07.56:429][444]LogPlayLevel: Creating play world package: /Game/Levels/UEDPIE_0_Menu
[2020.12.29-23.07.56:430][444]LogPlayLevel: PIE: StaticDuplicateObject took: (0.000642s)
[2020.12.29-23.07.56:430][444]LogAIModule: Creating AISystem for world Menu
[2020.12.29-23.07.56:430][444]LogPlayLevel: PIE: World Init took: (0.000437s)
[2020.12.29-23.07.56:431][444]LogPlayLevel: PIE: Created PIE world by copying editor world from /Game/Levels/Menu.Menu to /Game/Levels/UEDPIE_0_Menu.Menu (0.001217s)
[2020.12.29-23.07.56:446][444]LogInit: XAudio2 using 'cascos (Realtek(R) Audio)' : 2 channels at 48 kHz using 32 bits per sample (channel mask 0x3)
[2020.12.29-23.07.56:456][444]LogInit: FAudioDevice initialized.
[2020.12.29-23.07.56:488][444]LogLoad: Game class is 'ModoSupervivencia_C'
[2020.12.29-23.07.56:489][444]LogWorld: Bringing World /Game/Levels/UEDPIE_0_Menu.Menu up for play (max tick rate 0) at 2020.12.30-00.07.56
[2020.12.29-23.07.56:489][444]LogWorld: Bringing up level for play took: 0.000427
[2020.12.29-23.07.56:491][444]LogScriptCore:Warning: Script Msg: Attempted to access index 0 from array CallFunc_GetAllActorsOfClass_OutActors2 of length 0!
[2020.12.29-23.07.56:491][444]LogBlueprintUserMessages:Warning: SetTimer passed a bad function (GenerarEnemigo) or object (None)
[2020.12.29-23.07.56:491][444]PIE: Info Play in editor start time for /Game/Levels/UEDPIE_0_Menu -0.27
[2020.12.29-23.07.56:492][444]LogBlueprintUserMessages: Late PlayInEditor Detection: Level '/Game/Levels/Menu.Menu:PersistentLevel' has LevelScriptBlueprint '/Game/Levels/Menu.Menu:PersistentLevel.Menu' with GeneratedClass '/Game/Levels/Menu.Menu_C' with ClassGeneratedBy '/Game/Levels/Menu.Menu:PersistentLevel.Menu'
[2020.12.29-23.08.02:629][180]LogNet: Browse: /Game/Levels/Level2
[2020.12.29-23.08.02:629][180]LogLoad: LoadMap: /Game/Levels/Level2
[2020.12.29-23.08.02:639][180]Cmd: MEM
[2020.12.29-23.08.02:648][180]LogMemory: Platform Memory Stats for Windows
[2020.12.29-23.08.02:648][180]LogMemory: Process Physical Memory: 1601.49 MB used, 1613.48 MB peak
[2020.12.29-23.08.02:648][180]LogMemory: Process Virtual Memory: 2573.85 MB used, 2634.66 MB peak
[2020.12.29-23.08.02:648][180]LogMemory: Physical Memory: 7314.60 MB used,  9019.02 MB free, 16333.62 MB total
[2020.12.29-23.08.02:648][180]LogMemory: Virtual Memory: 7630.63 MB used,  9019.02 MB free, 134217728.00 MB total
[2020.12.29-23.08.02:648][180]LogMemory: 
[2020.12.29-23.08.02:648][180]Allocator Stats for TBB: (not implemented)
[2020.12.29-23.08.03:105][180]LogStats: FPlatformStackWalk::StackWalkAndDump -  0.314 s
[2020.12.29-23.08.03:105][180]LogOutputDevice:Error: === Handled ensure: ===
[2020.12.29-23.08.03:105][180]LogOutputDevice:Error: 
[2020.12.29-23.08.03:105][180]LogOutputDevice:Error: Ensure condition failed: IsObjectValidForDatabase(AssetObject) [File:D:\Build\++UE4+Release-4.16+Compile\Sync\Engine\Source\Editor\BlueprintGraph\Private\BlueprintActionDatabase.cpp] [Line: 1305]
[2020.12.29-23.08.03:105][180]LogOutputDevice:Error: 
[2020.12.29-23.08.03:105][180]LogOutputDevice:Error: Stack: 
[2020.12.29-23.08.03:105][180]LogOutputDevice:Error: UE4Editor-Core.dll!0x0000000060FBE2B6
[2020.12.29-23.08.03:105][180]LogOutputDevice:Error: UE4Editor-Core.dll!0x0000000060D6B8C2
[2020.12.29-23.08.03:105][180]LogOutputDevice:Error: UE4Editor-Core.dll!0x0000000060D81E86
[2020.12.29-23.08.03:105][180]LogOutputDevice:Error: UE4Editor-BlueprintGraph.dll!0x000000004C3EBCF7
[2020.12.29-23.08.03:105][180]LogOutputDevice:Error: UE4Editor-BlueprintGraph.dll!0x000000004C3BC23D
[2020.12.29-23.08.03:105][180]LogOutputDevice:Error: UE4Editor-CoreUObject.dll!0x00000000605F0377
[2020.12.29-23.08.03:105][180]LogOutputDevice:Error: UE4Editor-CoreUObject.dll!0x00000000608F31A6
[2020.12.29-23.08.03:105][180]LogOutputDevice:Error: UE4Editor-CoreUObject.dll!0x0000000060909393
[2020.12.29-23.08.03:105][180]LogOutputDevice:Error: UE4Editor-CoreUObject.dll!0x000000006090891A
[2020.12.29-23.08.03:105][180]LogOutputDevice:Error: UE4Editor-Engine.dll!0x0000000043415ACF
[2020.12.29-23.08.03:105][180]LogOutputDevice:Error: UE4Editor-Engine.dll!0x00000000433CEEA8
[2020.12.29-23.08.03:105][180]LogOutputDevice:Error: UE4Editor-Engine.dll!0x000000004343460D
[2020.12.29-23.08.03:105][180]LogOutputDevice:Error: UE4Editor-UnrealEd.dll!0x000000002CC12F55
[2020.12.29-23.08.03:105][180]LogOutputDevice:Error: UE4Editor-UnrealEd.dll!0x000000002D438D86
[2020.12.29-23.08.03:105][180]LogOutputDevice:Error: UE4Editor.exe!0x000000004EA4E2B2
[2020.12.29-23.08.03:105][180]LogOutputDevice:Error: UE4Editor.exe!0x000000004EA3F0B0
[2020.12.29-23.08.03:105][180]LogOutputDevice:Error: UE4Editor.exe!0x000000004EA3F12A
[2020.12.29-23.08.03:105][180]LogOutputDevice:Error: UE4Editor.exe!0x000000004EA50CF9
[2020.12.29-23.08.03:105][180]LogOutputDevice:Error: UE4Editor.exe!0x000000004EA525F7
[2020.12.29-23.08.03:105][180]LogOutputDevice:Error: KERNEL32.DLL!0x00000000971F7034
[2020.12.29-23.08.03:105][180]LogOutputDevice:Error: ntdll.dll!0x000000009787D0D1
[2020.12.29-23.08.03:105][180]LogOutputDevice:Error: 
[2020.12.29-23.08.03:108][180]LogStats:                SubmitErrorReport -  0.000 s
[2020.12.29-23.08.03:370][180]LogStats:                    SendNewReport -  0.262 s
[2020.12.29-23.08.03:370][180]LogStats:             FDebug::EnsureFailed -  0.580 s
[2020.12.29-23.08.03:453][180]LogAIModule: Creating AISystem for world Level2
[2020.12.29-23.08.03:453][180]LogLoad: Game class is 'ModoSupervivencia_C'
[2020.12.29-23.08.03:459][180]LogWorld: Bringing World /Game/Levels/UEDPIE_0_Level2.Level2 up for play (max tick rate 0) at 2020.12.30-00.08.03
[2020.12.29-23.08.03:459][180]LogWorld: Bringing up level for play took: 0.005220
[2020.12.29-23.08.03:461][180]LogLoad: Took 0.832306 seconds to LoadMap(/Game/Levels/Level2)
[2020.12.29-23.08.38:032][318]LogBlueprintUserMessages: Early EndPlayMap Detection: Level '/Game/Levels/Menu.Menu:PersistentLevel' has LevelScriptBlueprint '/Game/Levels/Menu.Menu:PersistentLevel.Menu' with GeneratedClass '/Game/Levels/Menu.Menu_C' with ClassGeneratedBy '/Game/Levels/Menu.Menu:PersistentLevel.Menu'
[2020.12.29-23.08.38:062][318]LogBlueprintUserMessages: Late EndPlayMap Detection: Level '/Game/Levels/Menu.Menu:PersistentLevel' has LevelScriptBlueprint '/Game/Levels/Menu.Menu:PersistentLevel.Menu' with GeneratedClass '/Game/Levels/Menu.Menu_C' with ClassGeneratedBy '/Game/Levels/Menu.Menu:PersistentLevel.Menu'
[2020.12.29-23.08.40:846][650]LogTemp: Repeting last play command: Selected Viewport
[2020.12.29-23.08.40:863][650]LogBlueprintUserMessages: Early PlayInEditor Detection: Level '/Game/Levels/Menu.Menu:PersistentLevel' has LevelScriptBlueprint '/Game/Levels/Menu.Menu:PersistentLevel.Menu' with GeneratedClass '/Game/Levels/Menu.Menu_C' with ClassGeneratedBy '/Game/Levels/Menu.Menu:PersistentLevel.Menu'
[2020.12.29-23.08.40:863][650]LogPlayLevel: PlayLevel: No blueprints needed recompiling
[2020.12.29-23.08.40:864][650]PIE: New page: PIE session: Menu (Dec 30, 2020, 1:08:40 AM)
[2020.12.29-23.08.40:864][650]LogPlayLevel: Creating play world package: /Game/Levels/UEDPIE_0_Menu
[2020.12.29-23.08.40:865][650]LogPlayLevel: PIE: StaticDuplicateObject took: (0.000637s)
[2020.12.29-23.08.40:865][650]LogAIModule: Creating AISystem for world Menu
[2020.12.29-23.08.40:866][650]LogPlayLevel: PIE: World Init took: (0.000442s)
[2020.12.29-23.08.40:866][650]LogPlayLevel: PIE: Created PIE world by copying editor world from /Game/Levels/Menu.Menu to /Game/Levels/UEDPIE_0_Menu.Menu (0.001209s)
[2020.12.29-23.08.40:881][650]LogInit: XAudio2 using 'cascos (Realtek(R) Audio)' : 2 channels at 48 kHz using 32 bits per sample (channel mask 0x3)
[2020.12.29-23.08.40:891][650]LogInit: FAudioDevice initialized.
[2020.12.29-23.08.40:921][650]LogLoad: Game class is 'ModoSupervivencia_C'
[2020.12.29-23.08.40:922][650]LogWorld: Bringing World /Game/Levels/UEDPIE_0_Menu.Menu up for play (max tick rate 0) at 2020.12.30-00.08.40
[2020.12.29-23.08.40:922][650]LogWorld: Bringing up level for play took: 0.000561
[2020.12.29-23.08.40:924][650]LogScriptCore:Warning: Script Msg: Attempted to access index 0 from array CallFunc_GetAllActorsOfClass_OutActors2 of length 0!
[2020.12.29-23.08.40:924][650]LogBlueprintUserMessages:Warning: SetTimer passed a bad function (GenerarEnemigo) or object (None)
[2020.12.29-23.08.40:925][650]PIE: Info Play in editor start time for /Game/Levels/UEDPIE_0_Menu 0.162
[2020.12.29-23.08.40:925][650]LogBlueprintUserMessages: Late PlayInEditor Detection: Level '/Game/Levels/Menu.Menu:PersistentLevel' has LevelScriptBlueprint '/Game/Levels/Menu.Menu:PersistentLevel.Menu' with GeneratedClass '/Game/Levels/Menu.Menu_C' with ClassGeneratedBy '/Game/Levels/Menu.Menu:PersistentLevel.Menu'
[2020.12.29-23.08.49:778][712]LogBlueprintUserMessages: Early EndPlayMap Detection: Level '/Game/Levels/Menu.Menu:PersistentLevel' has LevelScriptBlueprint '/Game/Levels/Menu.Menu:PersistentLevel.Menu' with GeneratedClass '/Game/Levels/Menu.Menu_C' with ClassGeneratedBy '/Game/Levels/Menu.Menu:PersistentLevel.Menu'
[2020.12.29-23.08.49:808][712]LogBlueprintUserMessages: Late EndPlayMap Detection: Level '/Game/Levels/Menu.Menu:PersistentLevel' has LevelScriptBlueprint '/Game/Levels/Menu.Menu:PersistentLevel.Menu' with GeneratedClass '/Game/Levels/Menu.Menu_C' with ClassGeneratedBy '/Game/Levels/Menu.Menu:PersistentLevel.Menu'
[2020.12.29-23.08.53:175][115]LogTemp: Repeting last play command: Selected Viewport
[2020.12.29-23.08.53:192][115]LogBlueprintUserMessages: Early PlayInEditor Detection: Level '/Game/Levels/Menu.Menu:PersistentLevel' has LevelScriptBlueprint '/Game/Levels/Menu.Menu:PersistentLevel.Menu' with GeneratedClass '/Game/Levels/Menu.Menu_C' with ClassGeneratedBy '/Game/Levels/Menu.Menu:PersistentLevel.Menu'
[2020.12.29-23.08.53:192][115]LogPlayLevel: PlayLevel: No blueprints needed recompiling
[2020.12.29-23.08.53:192][115]PIE: New page: PIE session: Menu (Dec 30, 2020, 1:08:53 AM)
[2020.12.29-23.08.53:192][115]LogPlayLevel: Creating play world package: /Game/Levels/UEDPIE_0_Menu
[2020.12.29-23.08.53:193][115]LogPlayLevel: PIE: StaticDuplicateObject took: (0.000649s)
[2020.12.29-23.08.53:193][115]LogAIModule: Creating AISystem for world Menu
[2020.12.29-23.08.53:193][115]LogPlayLevel: PIE: World Init took: (0.000442s)
[2020.12.29-23.08.53:194][115]LogPlayLevel: PIE: Created PIE world by copying editor world from /Game/Levels/Menu.Menu to /Game/Levels/UEDPIE_0_Menu.Menu (0.001227s)
[2020.12.29-23.08.53:208][115]LogInit: XAudio2 using 'cascos (Realtek(R) Audio)' : 2 channels at 48 kHz using 32 bits per sample (channel mask 0x3)
[2020.12.29-23.08.53:218][115]LogInit: FAudioDevice initialized.
[2020.12.29-23.08.53:249][115]LogLoad: Game class is 'ModoSupervivencia_C'
[2020.12.29-23.08.53:251][115]LogWorld: Bringing World /Game/Levels/UEDPIE_0_Menu.Menu up for play (max tick rate 0) at 2020.12.30-00.08.53
[2020.12.29-23.08.53:251][115]LogWorld: Bringing up level for play took: 0.000422
[2020.12.29-23.08.53:253][115]LogScriptCore:Warning: Script Msg: Attempted to access index 0 from array CallFunc_GetAllActorsOfClass_OutActors2 of length 0!
[2020.12.29-23.08.53:253][115]LogBlueprintUserMessages:Warning: SetTimer passed a bad function (GenerarEnemigo) or object (None)
[2020.12.29-23.08.53:253][115]PIE: Info Play in editor start time for /Game/Levels/UEDPIE_0_Menu 0.491
[2020.12.29-23.08.53:253][115]LogBlueprintUserMessages: Late PlayInEditor Detection: Level '/Game/Levels/Menu.Menu:PersistentLevel' has LevelScriptBlueprint '/Game/Levels/Menu.Menu:PersistentLevel.Menu' with GeneratedClass '/Game/Levels/Menu.Menu_C' with ClassGeneratedBy '/Game/Levels/Menu.Menu:PersistentLevel.Menu'
[2020.12.29-23.09.20:632][400]LogNet: Browse: /Game/Levels/Level2
[2020.12.29-23.09.20:632][400]LogLoad: LoadMap: /Game/Levels/Level2
[2020.12.29-23.09.20:642][400]Cmd: MEM
[2020.12.29-23.09.20:650][400]LogMemory: Platform Memory Stats for Windows
[2020.12.29-23.09.20:650][400]LogMemory: Process Physical Memory: 1620.89 MB used, 1677.66 MB peak
[2020.12.29-23.09.20:650][400]LogMemory: Process Virtual Memory: 2480.89 MB used, 2667.27 MB peak
[2020.12.29-23.09.20:650][400]LogMemory: Physical Memory: 7311.91 MB used,  9021.70 MB free, 16333.62 MB total
[2020.12.29-23.09.20:651][400]LogMemory: Virtual Memory: 7533.14 MB used,  9021.70 MB free, 134217728.00 MB total
[2020.12.29-23.09.20:651][400]LogMemory: 
[2020.12.29-23.09.20:651][400]Allocator Stats for TBB: (not implemented)
[2020.12.29-23.09.20:874][400]LogAIModule: Creating AISystem for world Level2
[2020.12.29-23.09.20:875][400]LogLoad: Game class is 'ModoSupervivencia_C'
[2020.12.29-23.09.20:880][400]LogWorld: Bringing World /Game/Levels/UEDPIE_0_Level2.Level2 up for play (max tick rate 0) at 2020.12.30-00.09.20
[2020.12.29-23.09.20:881][400]LogWorld: Bringing up level for play took: 0.005104
[2020.12.29-23.09.20:882][400]LogLoad: Took 0.249375 seconds to LoadMap(/Game/Levels/Level2)
[2020.12.29-23.09.34:666][ 45]LogCharacterMovement: Jugador_C_0 is stuck and failed to move! Velocity: X=128.01 Y=576.85 Z=0.00 Location: X=-7592.04 Y=5931.97 Z=271.98 Normal: X=0.78 Y=-0.63 Z=0.05 PenetrationDepth:1.315 Actor:Disparo_C_4 Component:Cube BoneName:None (0 other events since notify)
[2020.12.29-23.09.40:741][774]LogNet: Browse: /Game/Levels/Level3
[2020.12.29-23.09.40:742][774]LogLoad: LoadMap: /Game/Levels/Level3
[2020.12.29-23.09.40:757][774]Cmd: MEM
[2020.12.29-23.09.40:766][774]LogMemory: Platform Memory Stats for Windows
[2020.12.29-23.09.40:766][774]LogMemory: Process Physical Memory: 1626.79 MB used, 1677.66 MB peak
[2020.12.29-23.09.40:766][774]LogMemory: Process Virtual Memory: 2474.56 MB used, 2667.27 MB peak
[2020.12.29-23.09.40:766][774]LogMemory: Physical Memory: 7316.89 MB used,  9016.72 MB free, 16333.62 MB total
[2020.12.29-23.09.40:766][774]LogMemory: Virtual Memory: 7598.71 MB used,  9016.72 MB free, 134217728.00 MB total
[2020.12.29-23.09.40:766][774]LogMemory: 
[2020.12.29-23.09.40:766][774]Allocator Stats for TBB: (not implemented)
[2020.12.29-23.09.40:982][774]LogAIModule: Creating AISystem for world Level3
[2020.12.29-23.09.40:982][774]LogLoad: Game class is 'ModoSupervivencia_C'
[2020.12.29-23.09.40:987][774]LogWorld: Bringing World /Game/Levels/UEDPIE_0_Level3.Level3 up for play (max tick rate 0) at 2020.12.30-00.09.40
[2020.12.29-23.09.40:987][774]LogWorld: Bringing up level for play took: 0.003787
[2020.12.29-23.09.40:989][774]LogLoad: Took 0.247127 seconds to LoadMap(/Game/Levels/Level3)
[2020.12.29-23.09.45:604][327]LogBlueprintUserMessages: Early EndPlayMap Detection: Level '/Game/Levels/Menu.Menu:PersistentLevel' has LevelScriptBlueprint '/Game/Levels/Menu.Menu:PersistentLevel.Menu' with GeneratedClass '/Game/Levels/Menu.Menu_C' with ClassGeneratedBy '/Game/Levels/Menu.Menu:PersistentLevel.Menu'
[2020.12.29-23.09.45:636][327]LogBlueprintUserMessages: Late EndPlayMap Detection: Level '/Game/Levels/Menu.Menu:PersistentLevel' has LevelScriptBlueprint '/Game/Levels/Menu.Menu:PersistentLevel.Menu' with GeneratedClass '/Game/Levels/Menu.Menu_C' with ClassGeneratedBy '/Game/Levels/Menu.Menu:PersistentLevel.Menu'
[2020.12.29-23.10.00:501][ 95]LogSavePackage: Save=80.77ms
[2020.12.29-23.10.00:501][ 95]LogSavePackage: Moving '../../../../../../CLASE/VIDEOJUEGOS/LAB/AmpliacionesUnreal/miProyecto/Supervivencia (2)/Supervivencia/Saved/MenuD6F734B648A5E91A6A2AE5B3B103D4B3.tmp' to '../../../../../../CLASE/VIDEOJUEGOS/LAB/AmpliacionesUnreal/miProyecto/Supervivencia (2)/Supervivencia/Content/Levels/Menu.umap'
[2020.12.29-23.10.00:502][ 95]LogSavePackage:Display: Finished SavePackage ../../../../../../CLASE/VIDEOJUEGOS/LAB/AmpliacionesUnreal/miProyecto/Supervivencia (2)/Supervivencia/Content/Levels/Menu.umap
[2020.12.29-23.10.02:150][279]LogWindowsTextInputMethodSystem:Display: IME system now deactivated.
[2020.12.29-23.10.02:306][280]Cmd: QUIT_EDITOR
[2020.12.29-23.10.02:832][280]LogExit: Preparing to exit.
[2020.12.29-23.10.03:118][280]LogDirectoryWatcher: A directory notification for 'D:/CLASE/VIDEOJUEGOS/LAB/AmpliacionesUnreal/miProyecto/Supervivencia (2)/Supervivencia/Content/' was aborted.
[2020.12.29-23.10.03:137][280]LogExit: Editor shut down
[2020.12.29-23.10.03:139][280]LogExit: Transaction tracking system shut down
[2020.12.29-23.10.03:245][280]LogObj: Freed 0b from 0 cluster array pools.
[2020.12.29-23.10.03:245][280]LogExit: Object subsystem successfully closed.
[2020.12.29-23.10.03:258][280]LogD3D11RHI: Shutdown
[2020.12.29-23.10.03:258][280]LogD3D11RHI: CleanupD3DDevice
[2020.12.29-23.10.03:316][280]LogD3D11RHI: ~FD3D11DynamicRHI
[2020.12.29-23.10.03:322][280]LogModuleManager: Shutting down and abandoning module SequencerWidgets (532)
[2020.12.29-23.10.03:322][280]LogModuleManager: Shutting down and abandoning module BlueprintGraph (530)
[2020.12.29-23.10.03:322][280]LogModuleManager: Shutting down and abandoning module BlueprintProfiler (528)
[2020.12.29-23.10.03:322][280]LogModuleManager: Shutting down and abandoning module StatsViewer (526)
[2020.12.29-23.10.03:322][280]LogModuleManager: Shutting down and abandoning module MovieSceneCapture (524)
[2020.12.29-23.10.03:322][280]LogModuleManager: Shutting down and abandoning module HierarchicalLODOutliner (522)
[2020.12.29-23.10.03:322][280]LogModuleManager: Shutting down and abandoning module CrashTracker (520)
[2020.12.29-23.10.03:322][280]LogModuleManager: Shutting down and abandoning module SceneOutliner (518)
[2020.12.29-23.10.03:322][280]LogModuleManager: Shutting down and abandoning module AddContentDialog (516)
[2020.12.29-23.10.03:322][280]LogDirectoryWatcher: A directory notification for 'D:/PROGRAMAS/UNREAL/UE_4.16/FeaturePacks/' was aborted.
[2020.12.29-23.10.03:324][280]LogModuleManager: Shutting down and abandoning module WidgetCarousel (515)
[2020.12.29-23.10.03:324][280]LogModuleManager: Shutting down and abandoning module EditorWidgets (512)
[2020.12.29-23.10.03:324][280]LogModuleManager: Shutting down and abandoning module CollectionManager (510)
[2020.12.29-23.10.03:324][280]LogDirectoryWatcher: A directory notification for 'D:/CLASE/VIDEOJUEGOS/LAB/AmpliacionesUnreal/miProyecto/Supervivencia (2)/Supervivencia/Content/Collections/' was aborted.
[2020.12.29-23.10.03:324][280]LogDirectoryWatcher: A directory notification for 'D:/CLASE/VIDEOJUEGOS/LAB/AmpliacionesUnreal/miProyecto/Supervivencia (2)/Supervivencia/Content/Developers/Sofía/Collections/' was aborted.
[2020.12.29-23.10.03:324][280]LogDirectoryWatcher: A directory notification for 'D:/CLASE/VIDEOJUEGOS/LAB/AmpliacionesUnreal/miProyecto/Supervivencia (2)/Supervivencia/Saved/Collections/' was aborted.
[2020.12.29-23.10.03:324][280]LogModuleManager: Shutting down and abandoning module FoliageEdit (508)
[2020.12.29-23.10.03:324][280]LogModuleManager: Shutting down and abandoning module LandscapeEditor (506)
[2020.12.29-23.10.03:324][280]LogModuleManager: Shutting down and abandoning module MeshPaintMode (504)
[2020.12.29-23.10.03:324][280]LogModuleManager: Shutting down and abandoning module SceneDepthPickerMode (502)
[2020.12.29-23.10.03:324][280]LogModuleManager: Shutting down and abandoning module ActorPickerMode (500)
[2020.12.29-23.10.03:324][280]LogModuleManager: Shutting down and abandoning module GeometryMode (498)
[2020.12.29-23.10.03:324][280]LogModuleManager: Shutting down and abandoning module TextureAlignMode (496)
[2020.12.29-23.10.03:324][280]LogModuleManager: Shutting down and abandoning module BspMode (494)
[2020.12.29-23.10.03:324][280]LogModuleManager: Shutting down and abandoning module HardwareSurvey (492)
[2020.12.29-23.10.03:324][280]LogModuleManager: Shutting down and abandoning module SequenceRecorderSections (490)
[2020.12.29-23.10.03:324][280]LogModuleManager: Shutting down and abandoning module AutomationWorker (488)
[2020.12.29-23.10.03:324][280]LogModuleManager: Shutting down and abandoning module MatineeToLevelSequence (486)
[2020.12.29-23.10.03:324][280]LogModuleManager: Shutting down and abandoning module LevelSequenceEditor (484)
[2020.12.29-23.10.03:324][280]LogModuleManager: Shutting down and abandoning module PlacementMode (483)
[2020.12.29-23.10.03:324][280]LogModuleManager: Shutting down and abandoning module WmfMediaFactory (480)
[2020.12.29-23.10.03:324][280]LogModuleManager: Shutting down and abandoning module WmfMediaEditor (478)
[2020.12.29-23.10.03:324][280]LogModuleManager: Shutting down and abandoning module AvfMediaFactory (476)
[2020.12.29-23.10.03:324][280]LogModuleManager: Shutting down and abandoning module AvfMediaEditor (474)
[2020.12.29-23.10.03:324][280]LogModuleManager: Shutting down and abandoning module AndroidMediaFactory (472)
[2020.12.29-23.10.03:325][280]LogModuleManager: Shutting down and abandoning module Media (471)
[2020.12.29-23.10.03:325][280]LogModuleManager: Shutting down and abandoning module AndroidMediaEditor (468)
[2020.12.29-23.10.03:325][280]LogModuleManager: Shutting down and abandoning module CharacterAI (466)
[2020.12.29-23.10.03:325][280]LogModuleManager: Shutting down and abandoning module AudioCapture (464)
[2020.12.29-23.10.03:325][280]LogModuleManager: Shutting down and abandoning module SequenceRecorder (463)
[2020.12.29-23.10.03:325][280]LogModuleManager: Shutting down and abandoning module SmartSnapping (460)
[2020.12.29-23.10.03:325][280]LogModuleManager: Shutting down and abandoning module SessionServices (458)
[2020.12.29-23.10.03:325][280]LogModuleManager: Shutting down and abandoning module ViewportSnapping (456)
[2020.12.29-23.10.03:325][280]LogModuleManager: Shutting down and abandoning module ViewportInteraction (454)
[2020.12.29-23.10.03:325][280]LogModuleManager: Shutting down and abandoning module ClothPainter (452)
[2020.12.29-23.10.03:325][280]LogModuleManager: Shutting down and abandoning module LogVisualizer (450)
[2020.12.29-23.10.03:325][280]LogModuleManager: Shutting down and abandoning module IntroTutorials (448)
[2020.12.29-23.10.03:325][280]LogModuleManager: Shutting down and abandoning module GameProjectGeneration (447)
[2020.12.29-23.10.03:325][280]LogModuleManager: Shutting down and abandoning module EditorLiveStreaming (444)
[2020.12.29-23.10.03:325][280]LogModuleManager: Shutting down and abandoning module IOSPlatformEditor (442)
[2020.12.29-23.10.03:325][280]LogModuleManager: Shutting down and abandoning module HTML5PlatformEditor (440)
[2020.12.29-23.10.03:325][280]LogModuleManager: Shutting down and abandoning module AndroidPlatformEditor (438)
[2020.12.29-23.10.03:325][280]LogModuleManager: Shutting down and abandoning module AndroidDeviceDetection (437)
[2020.12.29-23.10.03:485][280]LogModuleManager: Shutting down and abandoning module IOSRuntimeSettings (434)
[2020.12.29-23.10.03:485][280]LogModuleManager: Shutting down and abandoning module AndroidRuntimeSettings (432)
[2020.12.29-23.10.03:485][280]LogModuleManager: Shutting down and abandoning module InputBindingEditor (430)
[2020.12.29-23.10.03:485][280]LogModuleManager: Shutting down and abandoning module MergeActors (428)
[2020.12.29-23.10.03:485][280]LogModuleManager: Shutting down and abandoning module SizeMap (426)
[2020.12.29-23.10.03:485][280]LogModuleManager: Shutting down and abandoning module TreeMap (424)
[2020.12.29-23.10.03:485][280]LogModuleManager: Shutting down and abandoning module ReferenceViewer (422)
[2020.12.29-23.10.03:485][280]LogModuleManager: Shutting down and abandoning module LocalizationDashboard (420)
[2020.12.29-23.10.03:485][280]LogModuleManager: Shutting down and abandoning module LocalizationService (419)
[2020.12.29-23.10.03:485][280]LogModuleManager: Shutting down and abandoning module HardwareTargeting (416)
[2020.12.29-23.10.03:485][280]LogModuleManager: Shutting down and abandoning module DeviceProfileEditor (414)
[2020.12.29-23.10.03:485][280]LogModuleManager: Shutting down and abandoning module UndoHistory (412)
[2020.12.29-23.10.03:485][280]LogModuleManager: Shutting down and abandoning module UserFeedback (410)
[2020.12.29-23.10.03:485][280]LogModuleManager: Shutting down and abandoning module XmlParser (408)
[2020.12.29-23.10.03:485][280]LogModuleManager: Shutting down and abandoning module Blutility (406)
[2020.12.29-23.10.03:485][280]LogModuleManager: Shutting down and abandoning module ProjectSettingsViewer (404)
[2020.12.29-23.10.03:485][280]LogModuleManager: Shutting down and abandoning module ProjectTargetPlatformEditor (403)
[2020.12.29-23.10.03:485][280]LogModuleManager: Shutting down and abandoning module EditorSettingsViewer (400)
[2020.12.29-23.10.03:485][280]LogModuleManager: Shutting down and abandoning module SettingsEditor (398)
[2020.12.29-23.10.03:485][280]LogModuleManager: Shutting down and abandoning module ProjectLauncher (396)
[2020.12.29-23.10.03:485][280]LogModuleManager: Shutting down and abandoning module SessionFrontend (394)
[2020.12.29-23.10.03:485][280]LogModuleManager: Shutting down and abandoning module ProfilerClient (392)
[2020.12.29-23.10.03:485][280]LogModuleManager: Shutting down and abandoning module DeviceManager (390)
[2020.12.29-23.10.03:485][280]LogModuleManager: Shutting down and abandoning module TargetDeviceServices (389)
[2020.12.29-23.10.03:528][280]LogModuleManager: Shutting down and abandoning module AutomationController (386)
[2020.12.29-23.10.03:528][280]LogModuleManager: Shutting down and abandoning module AutomationWindow (384)
[2020.12.29-23.10.03:528][280]LogModuleManager: Shutting down and abandoning module Layers (382)
[2020.12.29-23.10.03:528][280]LogModuleManager: Shutting down and abandoning module ComponentVisualizers (380)
[2020.12.29-23.10.03:528][280]LogModuleManager: Shutting down and abandoning module DetailCustomizations (378)
[2020.12.29-23.10.03:528][280]LogModuleManager: Shutting down and abandoning module PackagesDialog (376)
[2020.12.29-23.10.03:528][280]LogModuleManager: Shutting down and abandoning module Persona (374)
[2020.12.29-23.10.03:528][280]LogModuleManager: Shutting down and abandoning module AdvancedPreviewScene (373)
[2020.12.29-23.10.03:528][280]LogModuleManager: Shutting down and abandoning module AnimGraph (371)
[2020.12.29-23.10.03:528][280]LogModuleManager: Shutting down and abandoning module Kismet (368)
[2020.12.29-23.10.03:533][280]LogModuleManager: Shutting down and abandoning module ClassViewer (366)
[2020.12.29-23.10.03:533][280]LogModuleManager: Shutting down and abandoning module Toolbox (364)
[2020.12.29-23.10.03:533][280]LogModuleManager: Shutting down and abandoning module ModuleUI (362)
[2020.12.29-23.10.03:533][280]LogModuleManager: Shutting down and abandoning module MovieSceneTools (360)
[2020.12.29-23.10.03:533][280]LogModuleManager: Shutting down and abandoning module OutputLog (358)
[2020.12.29-23.10.03:533][280]LogModuleManager: Shutting down and abandoning module GammaUI (356)
[2020.12.29-23.10.03:533][280]LogModuleManager: Shutting down and abandoning module Documentation (354)
[2020.12.29-23.10.03:533][280]LogModuleManager: Shutting down and abandoning module MovieSceneTracks (352)
[2020.12.29-23.10.03:533][280]LogModuleManager: Shutting down and abandoning module MovieScene (350)
[2020.12.29-23.10.03:533][280]LogModuleManager: Shutting down and abandoning module Niagara (348)
[2020.12.29-23.10.03:533][280]LogModuleManager: Shutting down and abandoning module NiagaraEditor (347)
[2020.12.29-23.10.03:533][280]LogModuleManager: Shutting down and abandoning module StreamingPauseRendering (344)
[2020.12.29-23.10.03:533][280]LogModuleManager: Shutting down and abandoning module AnalyticsET (342)
[2020.12.29-23.10.03:533][280]LogModuleManager: Shutting down and abandoning module PortalServices (340)
[2020.12.29-23.10.03:533][280]LogModuleManager: Shutting down and abandoning module PortalRpc (338)
[2020.12.29-23.10.03:533][280]LogModuleManager: Shutting down and abandoning module MessagingRpc (336)
[2020.12.29-23.10.03:533][280]LogModuleManager: Shutting down and abandoning module AIModule (334)
[2020.12.29-23.10.03:533][280]LogModuleManager: Shutting down and abandoning module GameplayDebugger (333)
[2020.12.29-23.10.03:533][280]LogModuleManager: Shutting down and abandoning module AITestSuite (331)
[2020.12.29-23.10.03:533][280]LogModuleManager: Shutting down and abandoning module ProfilerService (328)
[2020.12.29-23.10.03:692][280]LogModuleManager: Shutting down and abandoning module TaskGraph (326)
[2020.12.29-23.10.03:692][280]LogModuleManager: Shutting down and abandoning module SteamVRController (324)
[2020.12.29-23.10.03:692][280]LogModuleManager: Shutting down and abandoning module SteamVR (322)
[2020.12.29-23.10.03:692][280]LogModuleManager: Shutting down and abandoning module ProceduralMeshComponentEditor (320)
[2020.12.29-23.10.03:692][280]LogModuleManager: Shutting down and abandoning module ProceduralMeshComponent (318)
[2020.12.29-23.10.03:692][280]LogModuleManager: Shutting down and abandoning module OculusLibrary (316)
[2020.12.29-23.10.03:692][280]LogModuleManager: Shutting down and abandoning module OculusInput (314)
[2020.12.29-23.10.03:692][280]LogModuleManager: Shutting down and abandoning module MobilePatchingUtils (312)
[2020.12.29-23.10.03:692][280]LogModuleManager: Shutting down and abandoning module CustomMeshComponent (310)
[2020.12.29-23.10.03:692][280]LogModuleManager: Shutting down and abandoning module CableComponent (308)
[2020.12.29-23.10.03:692][280]LogModuleManager: Shutting down and abandoning module ArchVisCharacter (306)
[2020.12.29-23.10.03:692][280]LogModuleManager: Shutting down and abandoning module AndroidPermission (304)
[2020.12.29-23.10.03:692][280]LogModuleManager: Shutting down and abandoning module MediaPlayerEditor (300)
[2020.12.29-23.10.03:692][280]LogModuleManager: Shutting down and abandoning module HTML5Networking (298)
[2020.12.29-23.10.03:692][280]LogModuleManager: Shutting down and abandoning module AlembicImporter (296)
[2020.12.29-23.10.03:692][280]LogModuleManager: Shutting down and abandoning module AlembicLibrary (295)
[2020.12.29-23.10.03:692][280]LogModuleManager: Shutting down and abandoning module GeometryCache (294)
[2020.12.29-23.10.03:692][280]LogModuleManager: Shutting down and abandoning module GeometryCacheEd (293)
[2020.12.29-23.10.03:692][280]LogModuleManager: Shutting down and abandoning module SuperSearchEditor (288)
[2020.12.29-23.10.03:692][280]LogModuleManager: Shutting down and abandoning module SuperSearch (287)
[2020.12.29-23.10.03:692][280]LogModuleManager: Shutting down and abandoning module SpeedTreeImporter (284)
[2020.12.29-23.10.03:692][280]LogModuleManager: Shutting down and abandoning module PluginBrowser (282)
[2020.12.29-23.10.03:692][280]LogModuleManager: Shutting down and abandoning module MobileLauncherProfileWizard (280)
[2020.12.29-23.10.03:692][280]LogModuleManager: Shutting down and abandoning module VisualStudioSourceCodeAccess (278)
[2020.12.29-23.10.03:692][280]LogModuleManager: Shutting down and abandoning module DesktopPlatform (277)
[2020.12.29-23.10.03:692][280]LogModuleManager: Shutting down and abandoning module UObjectPlugin (274)
[2020.12.29-23.10.03:692][280]LogModuleManager: Shutting down and abandoning module SubversionSourceControl (272)
[2020.12.29-23.10.03:692][280]LogModuleManager: Shutting down and abandoning module PerforceSourceControl (270)
[2020.12.29-23.10.03:692][280]LogModuleManager: Shutting down and abandoning module GitSourceControl (268)
[2020.12.29-23.10.03:692][280]LogModuleManager: Shutting down and abandoning module SourceControl (267)
[2020.12.29-23.10.03:692][280]LogModuleManager: Shutting down and abandoning module LightPropagationVolumeEditor (264)
[2020.12.29-23.10.03:692][280]LogModuleManager: Shutting down and abandoning module PaperTiledImporter (262)
[2020.12.29-23.10.03:692][280]LogModuleManager: Shutting down and abandoning module PaperSpriteSheetImporter (260)
[2020.12.29-23.10.03:692][280]LogModuleManager: Shutting down and abandoning module Paper2DEditor (258)
[2020.12.29-23.10.03:692][280]LogModuleManager: Shutting down and abandoning module MeshPaint (257)
[2020.12.29-23.10.03:692][280]LogModuleManager: Shutting down and abandoning module LevelEditor (255)
[2020.12.29-23.10.03:693][280]LogModuleManager: Shutting down and abandoning module PixelInspectorModule (254)
[2020.12.29-23.10.03:693][280]LogModuleManager: Shutting down and abandoning module MainFrame (252)
[2020.12.29-23.10.03:693][280]LogModuleManager: Shutting down and abandoning module HotReload (251)
[2020.12.29-23.10.03:693][280]LogModuleManager: Shutting down and abandoning module PhysXVehiclesEditor (246)
[2020.12.29-23.10.03:693][280]LogModuleManager: Shutting down and abandoning module PhysXVehicles (244)
[2020.12.29-23.10.03:693][280]LogModuleManager: Shutting down and abandoning module LocationServicesBPLibrary (242)
[2020.12.29-23.10.03:693][280]LogModuleManager: Shutting down and abandoning module ImmediatePhysicsEditor (240)
[2020.12.29-23.10.03:693][280]LogModuleManager: Shutting down and abandoning module ImmediatePhysics (238)
[2020.12.29-23.10.03:693][280]LogModuleManager: Shutting down and abandoning module UdpMessaging (236)
[2020.12.29-23.10.03:794][280]LogModuleManager: Shutting down and abandoning module TcpMessaging (234)
[2020.12.29-23.10.03:982][280]LogModuleManager: Shutting down and abandoning module GameplayTagsEditor (232)
[2020.12.29-23.10.03:982][280]LogModuleManager: Shutting down and abandoning module FacialAnimationEditor (230)
[2020.12.29-23.10.03:982][280]LogModuleManager: Shutting down and abandoning module FacialAnimation (228)
[2020.12.29-23.10.03:982][280]LogModuleManager: Shutting down and abandoning module AssetManagerEditor (226)
[2020.12.29-23.10.03:982][280]LogModuleManager: Shutting down and abandoning module GraphEditor (225)
[2020.12.29-23.10.03:982][280]LogModuleManager: Shutting down and abandoning module ContentBrowser (223)
[2020.12.29-23.10.03:983][280]LogModuleManager: Shutting down and abandoning module LightPropagationVolumeRuntime (220)
[2020.12.29-23.10.03:983][280]LogModuleManager: Shutting down and abandoning module Paper2D (218)
[2020.12.29-23.10.03:983][280]LogModuleManager: Shutting down and abandoning module WindowsMoviePlayer (216)
[2020.12.29-23.10.03:983][280]LogModuleManager: Shutting down and abandoning module WmfMedia (214)
[2020.12.29-23.10.03:984][280]LogModuleManager: Shutting down and abandoning module ClothingSystemEditor (212)
[2020.12.29-23.10.03:984][280]LogModuleManager: Shutting down and abandoning module ClothingSystemRuntime (210)
[2020.12.29-23.10.03:984][280]LogModuleManager: Shutting down and abandoning module MediaAssets (208)
[2020.12.29-23.10.03:984][280]LogModuleManager: Shutting down and abandoning module GameLiveStreaming (206)
[2020.12.29-23.10.03:984][280]LogModuleManager: Shutting down and abandoning module VREditor (204)
[2020.12.29-23.10.03:984][280]LogModuleManager: Shutting down and abandoning module StringTableEditor (202)
[2020.12.29-23.10.03:984][280]LogModuleManager: Shutting down and abandoning module GameplayTasksEditor (200)
[2020.12.29-23.10.03:984][280]LogModuleManager: Shutting down and abandoning module BehaviorTreeEditor (198)
[2020.12.29-23.10.03:984][280]LogModuleManager: Shutting down and abandoning module FunctionalTesting (196)
[2020.12.29-23.10.03:984][280]LogModuleManager: Shutting down and abandoning module CollisionAnalyzer (194)
[2020.12.29-23.10.03:984][280]LogModuleManager: Shutting down and abandoning module UMG (192)
[2020.12.29-23.10.03:984][280]LogModuleManager: Shutting down and abandoning module UMGEditor (191)
[2020.12.29-23.10.03:984][280]LogModuleManager: Shutting down and abandoning module Sequencer (190)
[2020.12.29-23.10.03:984][280]LogModuleManager: Shutting down and abandoning module AssetTools (188)
[2020.12.29-23.10.03:984][280]LogModuleManager: Shutting down and abandoning module MessageLog (187)
[2020.12.29-23.10.03:984][280]LogModuleManager: Shutting down and abandoning module WorkspaceMenuStructure (186)
[2020.12.29-23.10.03:984][280]LogModuleManager: Shutting down and abandoning module SlateReflector (180)
[2020.12.29-23.10.03:984][280]LogModuleManager: Shutting down and abandoning module Slate (178)
[2020.12.29-23.10.03:984][280]LogModuleManager: Shutting down and abandoning module EditorStyle (176)
[2020.12.29-23.10.03:985][280]LogModuleManager: Shutting down and abandoning module SourceCodeAccess (174)
[2020.12.29-23.10.03:985][280]LogModuleManager: Shutting down and abandoning module HeadMountedDisplay (172)
[2020.12.29-23.10.03:985][280]LogModuleManager: Shutting down and abandoning module XAudio2 (170)
[2020.12.29-23.10.03:985][280]LogModuleManager: Shutting down and abandoning module Networking (168)
[2020.12.29-23.10.03:985][280]LogModuleManager: Shutting down and abandoning module Core (164)
[2020.12.29-23.10.03:985][280]LogModuleManager: Shutting down and abandoning module AssetRegistry (162)
[2020.12.29-23.10.04:209][280]LogDirectoryWatcher: A directory notification for '../../../Engine/Content/' was aborted.
[2020.12.29-23.10.04:209][280]LogDirectoryWatcher: A directory notification for '../../../../../../CLASE/VIDEOJUEGOS/LAB/AmpliacionesUnreal/miProyecto/Supervivencia (2)/Supervivencia/Content/' was aborted.
[2020.12.29-23.10.04:209][280]LogDirectoryWatcher: A directory notification for '../../../Engine/Plugins/2D/Paper2D/Content/' was aborted.
[2020.12.29-23.10.04:209][280]LogDirectoryWatcher: A directory notification for '../../../Engine/Plugins/Runtime/GearVR/Content/' was aborted.
[2020.12.29-23.10.04:211][280]LogModuleManager: Shutting down and abandoning module DirectoryWatcher (161)
[2020.12.29-23.10.04:212][280]LogModuleManager: Shutting down and abandoning module KismetCompiler (158)
[2020.12.29-23.10.04:212][280]LogModuleManager: Shutting down and abandoning module LevelSequence (156)
[2020.12.29-23.10.04:212][280]LogModuleManager: Shutting down and abandoning module PhysXFormats (154)
[2020.12.29-23.10.04:212][280]LogModuleManager: Shutting down and abandoning module MeshUtilities (152)
[2020.12.29-23.10.04:212][280]LogModuleManager: Shutting down and abandoning module SimplygonSwarm (151)
[2020.12.29-23.10.04:212][280]LogModuleManager: Shutting down and abandoning module SimplygonMeshReduction (149)
[2020.12.29-23.10.04:212][280]LogModuleManager: Shutting down and abandoning module QuadricMeshReduction (147)
[2020.12.29-23.10.04:212][280]LogModuleManager: Shutting down and abandoning module DerivedDataCache (144)
[2020.12.29-23.10.04:297][280]LogDerivedDataCache: Shutdown
[2020.12.29-23.10.04:297][280]LogModuleManager: Shutting down and abandoning module TargetPlatform (142)
[2020.12.29-23.10.04:297][280]LogModuleManager: Shutting down and abandoning module VulkanShaderFormat (141)
[2020.12.29-23.10.04:297][280]LogModuleManager: Shutting down and abandoning module ShaderFormatVectorVM (139)
[2020.12.29-23.10.04:297][280]LogModuleManager: Shutting down and abandoning module ShaderFormatOpenGL (137)
[2020.12.29-23.10.04:297][280]LogModuleManager: Shutting down and abandoning module ShaderFormatD3D (135)
[2020.12.29-23.10.04:297][280]LogModuleManager: Shutting down and abandoning module MetalShaderFormat (133)
[2020.12.29-23.10.04:297][280]LogModuleManager: Shutting down and abandoning module TextureFormatUncompressed (131)
[2020.12.29-23.10.04:297][280]LogModuleManager: Shutting down and abandoning module TextureFormatPVR (129)
[2020.12.29-23.10.04:297][280]LogModuleManager: Shutting down and abandoning module TextureFormatDXT (127)
[2020.12.29-23.10.04:297][280]LogModuleManager: Shutting down and abandoning module TextureFormatIntelISPCTexComp (125)
[2020.12.29-23.10.04:297][280]LogModuleManager: Shutting down and abandoning module TextureFormatASTC (123)
[2020.12.29-23.10.04:297][280]LogModuleManager: Shutting down and abandoning module ImageWrapper (122)
[2020.12.29-23.10.04:297][280]LogModuleManager: Shutting down and abandoning module TextureFormatAndroid (119)
[2020.12.29-23.10.04:297][280]LogModuleManager: Shutting down and abandoning module AudioFormatOpus (117)
[2020.12.29-23.10.04:297][280]LogModuleManager: Shutting down and abandoning module AudioFormatOgg (115)
[2020.12.29-23.10.04:297][280]LogModuleManager: Shutting down and abandoning module AudioFormatADPCM (113)
[2020.12.29-23.10.04:297][280]LogModuleManager: Shutting down and abandoning module LinuxTargetPlatform (111)
[2020.12.29-23.10.04:297][280]LogModuleManager: Shutting down and abandoning module LinuxServerTargetPlatform (109)
[2020.12.29-23.10.04:297][280]LogModuleManager: Shutting down and abandoning module LinuxNoEditorTargetPlatform (107)
[2020.12.29-23.10.04:297][280]LogModuleManager: Shutting down and abandoning module LinuxClientTargetPlatform (105)
[2020.12.29-23.10.04:297][280]LogModuleManager: Shutting down and abandoning module TVOSTargetPlatform (103)
[2020.12.29-23.10.04:297][280]LogModuleManager: Shutting down and abandoning module Messaging (101)
[2020.12.29-23.10.04:297][280]LogModuleManager: Shutting down and abandoning module IOSTargetPlatform (99)
[2020.12.29-23.10.04:297][280]LogModuleManager: Shutting down and abandoning module HTML5TargetPlatform (97)
[2020.12.29-23.10.04:297][280]LogModuleManager: Shutting down and abandoning module Android_PVRTCTargetPlatform (95)
[2020.12.29-23.10.04:297][280]LogModuleManager: Shutting down and abandoning module Android_MultiTargetPlatform (93)
[2020.12.29-23.10.04:297][280]LogModuleManager: Shutting down and abandoning module Android_ETC2TargetPlatform (91)
[2020.12.29-23.10.04:297][280]LogModuleManager: Shutting down and abandoning module Android_ETC1TargetPlatform (89)
[2020.12.29-23.10.04:297][280]LogModuleManager: Shutting down and abandoning module Android_DXTTargetPlatform (87)
[2020.12.29-23.10.04:297][280]LogModuleManager: Shutting down and abandoning module Android_ATCTargetPlatform (85)
[2020.12.29-23.10.04:297][280]LogModuleManager: Shutting down and abandoning module Android_ASTCTargetPlatform (83)
[2020.12.29-23.10.04:297][280]LogModuleManager: Shutting down and abandoning module AndroidTargetPlatform (81)
[2020.12.29-23.10.04:297][280]LogModuleManager: Shutting down and abandoning module WindowsTargetPlatform (79)
[2020.12.29-23.10.04:297][280]LogModuleManager: Shutting down and abandoning module WindowsServerTargetPlatform (77)
[2020.12.29-23.10.04:297][280]LogModuleManager: Shutting down and abandoning module WindowsNoEditorTargetPlatform (75)
[2020.12.29-23.10.04:297][280]LogModuleManager: Shutting down and abandoning module WindowsClientTargetPlatform (73)
[2020.12.29-23.10.04:297][280]LogModuleManager: Shutting down and abandoning module MacTargetPlatform (71)
[2020.12.29-23.10.04:297][280]LogModuleManager: Shutting down and abandoning module MacServerTargetPlatform (69)
[2020.12.29-23.10.04:297][280]LogModuleManager: Shutting down and abandoning module MacNoEditorTargetPlatform (67)
[2020.12.29-23.10.04:297][280]LogModuleManager: Shutting down and abandoning module MacClientTargetPlatform (65)
[2020.12.29-23.10.04:297][280]LogModuleManager: Shutting down and abandoning module AllDesktopTargetPlatform (63)
[2020.12.29-23.10.04:297][280]LogModuleManager: Shutting down and abandoning module InputCore (60)
[2020.12.29-23.10.04:298][280]LogModuleManager: Shutting down and abandoning module Settings (58)
[2020.12.29-23.10.04:298][280]LogModuleManager: Shutting down and abandoning module OculusRift (56)
[2020.12.29-23.10.04:298][280]LogModuleManager: Shutting down and abandoning module GearVRController (54)
[2020.12.29-23.10.04:298][280]LogModuleManager: Shutting down and abandoning module GearVR (52)
[2020.12.29-23.10.04:298][280]LogModuleManager: Shutting down and abandoning module ExampleDeviceProfileSelector (50)
[2020.12.29-23.10.04:298][280]LogModuleManager: Shutting down and abandoning module OnlineBlueprintSupport (48)
[2020.12.29-23.10.04:298][280]LogModuleManager: Shutting down and abandoning module OnlineSubsystem (44)
[2020.12.29-23.10.04:298][280]LogOnline:Display: Unloading online subsystem: NULL
[2020.12.29-23.10.04:298][280]LogModuleManager: Shutting down and abandoning module XMPP (43)
[2020.12.29-23.10.04:298][280]LogModuleManager: Shutting down and abandoning module HTTP (41)
[2020.12.29-23.10.04:298][280]LogHttp:Display: Http module shutting down, but needs to wait on 1 outstanding Http requests:
[2020.12.29-23.10.04:298][280]LogHttp:Display: 	verb=[POST] url=[https://datarouter.ol.epicgames.com/datarouter/api/v1/public/data?SessionID=%7B5D576FE2-41F1-3CD5-F676-468C45B1B3E9%7D&AppID=UEEditor.Rocket.Release&AppVersion=4.16.3-3561208%2B%2B%2BUE4%2BRelease-4.16&UserID=e501a7c44c841f62f7de50abe6de14c6%7C277c8d9923434d3bb8920cc7c789e26e%7C7a263120-b56e-4687-b57b-11107039a0b9&AppEnvironment=datacollector-binary&UploadType=eteventstream] status=Processing
[2020.12.29-23.10.04:307][280]LogModuleManager: Shutting down and abandoning module SSL (40)
[2020.12.29-23.10.04:308][280]LogModuleManager: Shutting down and abandoning module HTTPChunkInstaller (36)
[2020.12.29-23.10.04:308][280]LogModuleManager: Shutting down and abandoning module AnimationModifiers (34)
[2020.12.29-23.10.04:308][280]LogModuleManager: Shutting down and abandoning module PropertyEditor (33)
[2020.12.29-23.10.04:308][280]LogModuleManager: Shutting down and abandoning module AudioEditor (30)
[2020.12.29-23.10.04:308][280]LogModuleManager: Shutting down and abandoning module TextureCompressor (28)
[2020.12.29-23.10.04:308][280]LogModuleManager: Shutting down and abandoning module ShaderCore (26)
[2020.12.29-23.10.04:308][280]LogModuleManager: Shutting down and abandoning module Landscape (24)
[2020.12.29-23.10.04:308][280]LogModuleManager: Shutting down and abandoning module SlateRHIRenderer (22)
[2020.12.29-23.10.04:310][280]LogModuleManager: Shutting down and abandoning module OpenGLDrv (20)
[2020.12.29-23.10.04:310][280]LogModuleManager: Shutting down and abandoning module D3D11RHI (18)
[2020.12.29-23.10.04:310][280]LogModuleManager: Shutting down and abandoning module AnimGraphRuntime (16)
[2020.12.29-23.10.04:310][280]LogModuleManager: Shutting down and abandoning module Renderer (14)
[2020.12.29-23.10.04:310][280]LogModuleManager: Shutting down and abandoning module Engine (12)
[2020.12.29-23.10.04:310][280]LogModuleManager: Shutting down and abandoning module CoreUObject (10)
[2020.12.29-23.10.04:310][280]LogModuleManager: Shutting down and abandoning module NetworkFile (8)
[2020.12.29-23.10.04:310][280]LogModuleManager: Shutting down and abandoning module StreamingFile (6)
[2020.12.29-23.10.04:310][280]LogModuleManager: Shutting down and abandoning module SandboxFile (4)
[2020.12.29-23.10.04:310][280]LogModuleManager: Shutting down and abandoning module PakFile (2)
[2020.12.29-23.10.04:311][280]LogExit: Exiting.
[2020.12.29-23.10.04:326][280]Log file closed, 12/30/20 00:10:04
